<?xml version="1.0" encoding="UTF-8"?>
<testsuite xmlns:xsi="http://www.w3.org/2001/XMLSchema-instance" xsi:noNamespaceSchemaLocation="https://maven.apache.org/surefire/maven-surefire-plugin/xsd/surefire-test-report-3.0.xsd" version="3.0" name="TestRunner.Run" time="173.017" tests="8" errors="0" skipped="0" failures="2">
  <properties>
[...]
</properties>
  <testcase name="runScenario[&quot;Add New Customer&quot;, &quot;Customers&quot;](1)" classname="TestRunner.Run" time="29.087">
    <system-out><![CDATA[Setup-Sanity method executed..
[DEBUG] Removing resolution chrome=104 from cache (expired on Mon Aug 15 14:28:12 IST 2022)
[DEBUG] ex-0000000001 preparing request execution
[DEBUG] ex-0000000001 Cookie spec selected: strict
[DEBUG] ex-0000000001 Auth cache not set in the context
[DEBUG] ex-0000000001 target auth state: UNCHALLENGED
[DEBUG] ex-0000000001 proxy auth state: UNCHALLENGED
[DEBUG] ex-0000000001 acquiring connection with route {s}->https://raw.githubusercontent.com:443
[DEBUG] ex-0000000001 acquiring endpoint (3 MINUTES)
[DEBUG] ex-0000000001 endpoint lease request (3 MINUTES) [route: {s}->https://raw.githubusercontent.com:443][total available: 0; route allocated: 0 of 5; total allocated: 0 of 25]
[DEBUG] ex-0000000001 endpoint leased [route: {s}->https://raw.githubusercontent.com:443][total available: 0; route allocated: 1 of 5; total allocated: 1 of 25]
[DEBUG] ex-0000000001 acquired ep-0000000000
[DEBUG] ex-0000000001 acquired endpoint ep-0000000000
[DEBUG] ex-0000000001 opening connection {s}->https://raw.githubusercontent.com:443
[DEBUG] ep-0000000000 connecting endpoint (30 SECONDS)
[DEBUG] ep-0000000000 connecting endpoint to https://raw.githubusercontent.com:443 (30 SECONDS)
[DEBUG] http-outgoing-0 connecting to raw.githubusercontent.com/185.199.110.133:443
[DEBUG] Connecting socket to raw.githubusercontent.com/185.199.110.133:443 with timeout 30 SECONDS
[DEBUG] Enabled protocols: [TLSv1.3, TLSv1.2]
[DEBUG] Enabled cipher suites: [TLS_AES_256_GCM_SHA384, TLS_AES_128_GCM_SHA256, TLS_ECDHE_ECDSA_WITH_AES_256_GCM_SHA384, TLS_ECDHE_ECDSA_WITH_AES_128_GCM_SHA256, TLS_ECDHE_RSA_WITH_AES_256_GCM_SHA384, TLS_ECDHE_RSA_WITH_AES_128_GCM_SHA256, TLS_DHE_RSA_WITH_AES_256_GCM_SHA384, TLS_DHE_DSS_WITH_AES_256_GCM_SHA384, TLS_DHE_RSA_WITH_AES_128_GCM_SHA256, TLS_DHE_DSS_WITH_AES_128_GCM_SHA256, TLS_ECDHE_ECDSA_WITH_AES_256_CBC_SHA384, TLS_ECDHE_RSA_WITH_AES_256_CBC_SHA384, TLS_ECDHE_ECDSA_WITH_AES_128_CBC_SHA256, TLS_ECDHE_RSA_WITH_AES_128_CBC_SHA256, TLS_DHE_RSA_WITH_AES_256_CBC_SHA256, TLS_DHE_DSS_WITH_AES_256_CBC_SHA256, TLS_DHE_RSA_WITH_AES_128_CBC_SHA256, TLS_DHE_DSS_WITH_AES_128_CBC_SHA256, TLS_ECDH_ECDSA_WITH_AES_256_GCM_SHA384, TLS_ECDH_RSA_WITH_AES_256_GCM_SHA384, TLS_ECDH_ECDSA_WITH_AES_128_GCM_SHA256, TLS_ECDH_RSA_WITH_AES_128_GCM_SHA256, TLS_ECDH_ECDSA_WITH_AES_256_CBC_SHA384, TLS_ECDH_RSA_WITH_AES_256_CBC_SHA384, TLS_ECDH_ECDSA_WITH_AES_128_CBC_SHA256, TLS_ECDH_RSA_WITH_AES_128_CBC_SHA256, TLS_ECDHE_ECDSA_WITH_AES_256_CBC_SHA, TLS_ECDHE_RSA_WITH_AES_256_CBC_SHA, TLS_ECDHE_ECDSA_WITH_AES_128_CBC_SHA, TLS_ECDHE_RSA_WITH_AES_128_CBC_SHA, TLS_DHE_RSA_WITH_AES_256_CBC_SHA, TLS_DHE_DSS_WITH_AES_256_CBC_SHA, TLS_DHE_RSA_WITH_AES_128_CBC_SHA, TLS_DHE_DSS_WITH_AES_128_CBC_SHA, TLS_ECDH_ECDSA_WITH_AES_256_CBC_SHA, TLS_ECDH_RSA_WITH_AES_256_CBC_SHA, TLS_ECDH_ECDSA_WITH_AES_128_CBC_SHA, TLS_ECDH_RSA_WITH_AES_128_CBC_SHA, TLS_RSA_WITH_AES_256_GCM_SHA384, TLS_RSA_WITH_AES_128_GCM_SHA256, TLS_RSA_WITH_AES_256_CBC_SHA256, TLS_RSA_WITH_AES_128_CBC_SHA256, TLS_RSA_WITH_AES_256_CBC_SHA, TLS_RSA_WITH_AES_128_CBC_SHA, TLS_EMPTY_RENEGOTIATION_INFO_SCSV]
[DEBUG] Starting handshake
[DEBUG] Secure session established
[DEBUG]  negotiated protocol: TLSv1.3
[DEBUG]  negotiated cipher suite: TLS_AES_256_GCM_SHA384
[DEBUG]  peer principal: CN=*.github.io, O="GitHub, Inc.", L=San Francisco, ST=California, C=US
[DEBUG]  peer alternative names: [*.github.io, github.com, *.github.com, www.github.com, github.io, githubusercontent.com, *.githubusercontent.com]
[DEBUG]  issuer principal: CN=DigiCert TLS RSA SHA256 2020 CA1, O=DigiCert Inc, C=US
[DEBUG] http-outgoing-0 connection established 192.168.0.251:56705<->185.199.110.133:443
[DEBUG] ep-0000000000 connected http-outgoing-0
[DEBUG] ep-0000000000 endpoint connected
[DEBUG] ex-0000000001 executing GET /bonigarcia/webdrivermanager/master/src/main/resources/commands.properties HTTP/1.1
[DEBUG] ep-0000000000 start execution ex-0000000001
[DEBUG] ep-0000000000 executing exchange ex-0000000001 over http-outgoing-0
[DEBUG] http-outgoing-0 >> GET /bonigarcia/webdrivermanager/master/src/main/resources/commands.properties HTTP/1.1
[DEBUG] http-outgoing-0 >> user-agent: Apache-HttpClient/5.0
[DEBUG] http-outgoing-0 >> accept-encoding: gzip, deflate, br
[DEBUG] http-outgoing-0 >> cache-control: max-age=0
[DEBUG] http-outgoing-0 >> connection: keep-alive
[DEBUG] http-outgoing-0 >> Host: raw.githubusercontent.com
[DEBUG] http-outgoing-0 >> "GET /bonigarcia/webdrivermanager/master/src/main/resources/commands.properties HTTP/1.1[\r][\n]"
[DEBUG] http-outgoing-0 >> "user-agent: Apache-HttpClient/5.0[\r][\n]"
[DEBUG] http-outgoing-0 >> "accept-encoding: gzip, deflate, br[\r][\n]"
[DEBUG] http-outgoing-0 >> "cache-control: max-age=0[\r][\n]"
[DEBUG] http-outgoing-0 >> "connection: keep-alive[\r][\n]"
[DEBUG] http-outgoing-0 >> "Host: raw.githubusercontent.com[\r][\n]"
[DEBUG] http-outgoing-0 >> "[\r][\n]"
[DEBUG] http-outgoing-0 << "HTTP/1.1 200 OK[\r][\n]"
[DEBUG] http-outgoing-0 << "Connection: keep-alive[\r][\n]"
[DEBUG] http-outgoing-0 << "Content-Length: 723[\r][\n]"
[DEBUG] http-outgoing-0 << "Cache-Control: max-age=300[\r][\n]"
[DEBUG] http-outgoing-0 << "Content-Security-Policy: default-src 'none'; style-src 'unsafe-inline'; sandbox[\r][\n]"
[DEBUG] http-outgoing-0 << "Content-Type: text/plain; charset=utf-8[\r][\n]"
[DEBUG] http-outgoing-0 << "ETag: W/"e82b438271e9e8680c688b0b680efd0bdd22faa6d6f0a32fc1fd8accc486b67e"[\r][\n]"
[DEBUG] http-outgoing-0 << "Strict-Transport-Security: max-age=31536000[\r][\n]"
[DEBUG] http-outgoing-0 << "X-Content-Type-Options: nosniff[\r][\n]"
[DEBUG] http-outgoing-0 << "X-Frame-Options: deny[\r][\n]"
[DEBUG] http-outgoing-0 << "X-XSS-Protection: 1; mode=block[\r][\n]"
[DEBUG] http-outgoing-0 << "X-GitHub-Request-Id: EADA:31DC:45BCB:833CF:62FAAF4F[\r][\n]"
[DEBUG] http-outgoing-0 << "Content-Encoding: gzip[\r][\n]"
[DEBUG] http-outgoing-0 << "Accept-Ranges: bytes[\r][\n]"
[DEBUG] http-outgoing-0 << "Date: Tue, 16 Aug 2022 04:45:59 GMT[\r][\n]"
[DEBUG] http-outgoing-0 << "Via: 1.1 varnish[\r][\n]"
[DEBUG] http-outgoing-0 << "X-Served-By: cache-hyd1100034-HYD[\r][\n]"
[DEBUG] http-outgoing-0 << "X-Cache: HIT[\r][\n]"
[DEBUG] http-outgoing-0 << "X-Cache-Hits: 3[\r][\n]"
[DEBUG] http-outgoing-0 << "X-Timer: S1660625160.721742,VS0,VE0[\r][\n]"
[DEBUG] http-outgoing-0 << "Vary: Authorization,Accept-Encoding,Origin[\r][\n]"
[DEBUG] http-outgoing-0 << "Access-Control-Allow-Origin: *[\r][\n]"
[DEBUG] http-outgoing-0 << "X-Fastly-Request-ID: 592f7d25f1e374d7524608eb437e309045776c7e[\r][\n]"
[DEBUG] http-outgoing-0 << "Expires: Tue, 16 Aug 2022 04:50:59 GMT[\r][\n]"
[DEBUG] http-outgoing-0 << "Source-Age: 100[\r][\n]"
[DEBUG] http-outgoing-0 << "[\r][\n]"
[DEBUG] http-outgoing-0 << HTTP/1.1 200 OK
[DEBUG] http-outgoing-0 << Connection: keep-alive
[DEBUG] http-outgoing-0 << Content-Length: 723
[DEBUG] http-outgoing-0 << Cache-Control: max-age=300
[DEBUG] http-outgoing-0 << Content-Security-Policy: default-src 'none'; style-src 'unsafe-inline'; sandbox
[DEBUG] http-outgoing-0 << Content-Type: text/plain; charset=utf-8
[DEBUG] http-outgoing-0 << ETag: W/"e82b438271e9e8680c688b0b680efd0bdd22faa6d6f0a32fc1fd8accc486b67e"
[DEBUG] http-outgoing-0 << Strict-Transport-Security: max-age=31536000
[DEBUG] http-outgoing-0 << X-Content-Type-Options: nosniff
[DEBUG] http-outgoing-0 << X-Frame-Options: deny
[DEBUG] http-outgoing-0 << X-XSS-Protection: 1; mode=block
[DEBUG] http-outgoing-0 << X-GitHub-Request-Id: EADA:31DC:45BCB:833CF:62FAAF4F
[DEBUG] http-outgoing-0 << Content-Encoding: gzip
[DEBUG] http-outgoing-0 << Accept-Ranges: bytes
[DEBUG] http-outgoing-0 << Date: Tue, 16 Aug 2022 04:45:59 GMT
[DEBUG] http-outgoing-0 << Via: 1.1 varnish
[DEBUG] http-outgoing-0 << X-Served-By: cache-hyd1100034-HYD
[DEBUG] http-outgoing-0 << X-Cache: HIT
[DEBUG] http-outgoing-0 << X-Cache-Hits: 3
[DEBUG] http-outgoing-0 << X-Timer: S1660625160.721742,VS0,VE0
[DEBUG] http-outgoing-0 << Vary: Authorization,Accept-Encoding,Origin
[DEBUG] http-outgoing-0 << Access-Control-Allow-Origin: *
[DEBUG] http-outgoing-0 << X-Fastly-Request-ID: 592f7d25f1e374d7524608eb437e309045776c7e
[DEBUG] http-outgoing-0 << Expires: Tue, 16 Aug 2022 04:50:59 GMT
[DEBUG] http-outgoing-0 << Source-Age: 100
[DEBUG] ex-0000000001 connection can be kept alive for 3 MINUTES
[DEBUG] http-outgoing-0 << "[0x1f][0xffffff8b][0x8][0x0][0x0][0x0][0x0][0x0][0x0][0x3][0xffffffb5]V]o[0xffffffda]0[0x14]}[0xffffffe7]W\[0xffffff81]*[0xffffffb5][0x12][0x1f][[M[0xffffffd3]$[0x1e]hF[0xffffffbb]i [0x18][0xffffffb4][0xffffffdd]&[0xfffffff9][0xffffffc5]$7[0xffffffc1]R[0x12]#;[0xffffff94]v[0xffffffbf]~[0xffffffb6][0xfffffff3]1[0xffffff92][0xffffff9a][0xffffffc1][0x1a]x[0xffffffcb][0xffffffb5][0xffffffaf][0xffffffcf]9[0xffffffbe][0xfffffff7]8v[0xb][0x1c][0x1e]E4[0xfffffff6]$x4[0xffffffa1][0xb]*[0xffffffb1][0xffffffd1][0xffffff82][0xfffffffb]%[0xffffff93][0xffffffe0][0xffffffb3][0x10][0xffffffc1][0xffffffe5]qBY,!Y[0xffffffea] KM8,[0x10][0xfffffff0][0x19][0xffffffdd]u[0xffffff82][0x1e][0xffffffb0][0xffffffd8]L[0xffffffcb]%[0xffffff86][0xffffffa1][0xe][0xffffffb8][0xfffffff0]P[0xffffffe8]$[0xf][0x13]t[0x13]3[0xfffffff9][0xffffff84]B2[0xffffffae][0xffffffe6]|@[0xfffffff5][0x1d][0x8][0xffffffc4][0x18][0x16][0xffffff82]o[0xffffffa4][0xffffff9a]P[0xffffff94][0xffffffe7][0xffffffce]R[0xfffffff0][0x8][0xffffffdb]p[0xffffffcb][0x4][0xfffffffa][0xfffffffc][0xffffffb9][\r][0xffffff93][0x15][\n]"
[DEBUG] http-outgoing-0 << "[0xffffffda][0xffffff86][0xffffffa1][0x17][0xffffffa8]Q3[0xffffffcb][0xffffffd6][0xffffffd1][0xffffff85][0xffffffc6][0xfffffff7][0xffffff98][0xffffffef][0xffffffa3][0xffffffc0]8[0x1][0xffffffae]s[0x12][0x16][0x7] _d[0xffffff82][0xffffff91][0xffffff84][0xfffffff3][0x1f],[0xfffffff6][0x14]j[0x1b]F,^+[0xffffff98]1ua2[0xffffffbf]h([0xffffff8e][0xffffff94][0xffffffa2][0xffffff91]m[0xffffffa3][0xffffffeb][0xffffff9a][0xffffffb0][0xffffffbb]I[0x17]t[0xffffffdf][0xffffffbd][0xffffffef][0xffffffbb][0xffffff91][0xffffffd7]U[0xffffffbb][0xffffff82][0xffffff9e][0x3][0xffffff9b][0xffffff88][0xffffffb9][0xffffffa6]$[0xffffffa6][0xc][0xffffff9b][0xffffffa5][0xffffffe2][0xffffff83][0xffffff98]F[0xffffffd8]o[0xffffff9e]Mg[0xffffff93][0xffffffbb][0xffffffd9]`|[0xfffffffb]u4[0xffffff9c][0x7f]"}B[0xffffffce][0x8][0xffffffb9][0xffffffe3]<[0x8][0xffffff91][0xffffff90][0xffffff94][0xffffff82][0xffffff90][0xffffffc1]j[0x15]2WI[0xffffffe3]1![0x19][0xffffff91]BnB[0xffffff80][0x9]<f[0xffffffb5][0xffffffe8]=[0xffffffd1]p[0xffffffbd][[0xffffffcf][0xffffffe5][0x1b][0xfffffff4][0xffffff9c][0xffffffff][0xfffffffc][0xfffffff8][0xffffffe1][0xffffffe2][0xffffff94][0xffffffa2][0xffffffae][0xe][0x14]5[0xffffff9a]8[0xffffff83][0xffffffd1]`:[0xfffffffd]<[0xffffffb8][0x1f][0xffffff9c]R[0xffffffcf]u[0x7f]6[0xffffffbc][0xffffff83][0xffffffef][0xf][0xffffffc3][0xffffffd9]/[0xfffffff8][0xfffffff2][0xffffffcd]y s[0xffffffee]'[0x1b]*0g[0xffffffcb][0xffffffc8]nF7H][0xffffff83][0xffffff97]{[0xffffffb1]Q[0x5][\r][0xffffffb5]c[0xffffffb4][0xf][0x2][0xffffffb3][0xffffffb4][0xffffff93][0xe]C[0xffffffa7][0xffffffb3]kAD][0xffffff9d][0xffffffde][0xffffffdb][0xffffffda][0xffffff88][0xffffffec][0xffffffa5][0xffffffbc][0xffffff99][0xffffffd9][0xffffffba]t[0xffffffb5][0xffffffea]9[0xffffffea][0x10])[0xffffffb7][0xffffffca][0xffffff9e][0xfffffff2][0xffffffe2]d^N[0xffffffd8]FW[0x16][0xffffffcd][0xffffffdc]_[0x10][0xfffffff9]i|[0x1c][0xffffff93][0xffffff8e][0xfffffff9]o[0x16][0xffffff86]4'!$G[0xffffffdf]W[0xfffffff4]W*j[[0xfffffff3]xR[0xffffffae][0xffffffb6][0xc][0xffffffd0],; #[0xffffffa9][0xffffff92]5[0xffffffb5][0x7][0xffffff9c][0xffffffb5][0xffffffd0][0x7f][0xffffff90][0xffffffc7]jgs[0xfffffffc][0xffffffc2][0xb][0xffffffd9][0x0]t[0xffffff9e]^'Y[0xfffffffb][0xffffff9f][0xffffffb1][0xffffffd8]:[0xffffffbf][0xffffff8d][0xffffffa5][0xffffff9a][0xffffffad][0x7f]m[0x5]&[0xffffffaa][0xffffffa0]^[0xffffff9b][0xffffffcb][0x5]f[0xffffffae][0xffffffe0]RU[0xffffff82][0x10]MS9l[0xffffff91]4t[0xfffffffb][0xffffff8a]][0xffffffd6][0xfffffff4][0xffffff96][0xffffffa6][0xffffff9f]P[0xffffffce][0xffffffd5][0xffffffce][0xffffff93][0xffffffff][0xffffff97][0xffffffcc]p[0xfffffffd][0xfffffff3][0xffffffe8][0x1b][0xffffffcc][0xffffffa2][0xffffffd9]Q[0xffffffbe][0xffffffb2][0xffffffa3][0xffffffc7]m'[0xffffffdf][0xffffffe4][[0xfffffffb]^[0xffffffb0][0xffffff9a][0xffffffbe][0xffffffda][0xffffffda]_[0xffffffce][0xffffff80][0xffffffd2][0xffffffc1]7[0xffffffb7]][0xffffffc1]b[0xffffffee][0xffffffb5][0xffffffff]w[0xffffff83][0xffffffed][0xffffffa7];[0x15]<[0x10]4[0xffffff92][0xffffff84][0x18][\n]"
[DEBUG] http-outgoing-0 << "BB[0xffffffba][0xffffff8e]][0xffffffb5]jo[0xffffffb9]+"[0xffffffea][0xffffffb4][0xffffffff]h"[0xffffffea]\?5[0xffffffa9][0xffffffaf]k[0xffffffec][0xffffffff]P[0xffffffea][\n]"
[DEBUG] http-outgoing-0 << "w[0xffffffe1]K[0x13][0xffffffda][0xffffffec][0xffffff98][0xffffffe6]Y[0xfffffffd]h8m6[0xffffff9c]T[0xffffffc1][0xfffffff2][0xffffffa7][0xffffff91]z_[0xffffff95]o85p[0x1c][0x13][0xffffffe6][0xfffffff0]5[0xffffffee][0xfffffffc][0xffffff92][0xffffff96][0xffffffda][0xfffffff7][0xffffffcf][0xffffffb1][0x5][0x1d][0xffffffea]K[0xffffff9b]9[0xffffff8e][0xffffffad]e[0xfffffff7][0xffffff93][0xffffffa8]`[0xffffffda][0xffffffff][0x1a][0xffffffd2][0xffffff88][0xffffff85][0xfffffffd][0xfffffff2][0xffffff91]N[0xfffffff6]`[0xffffffdf]2[0xffffffcf][0xffffffae]E[0xffffff97][0xffffffc5][0xffffffa2][0xffffff9d][0xffffffef]'[0xffffff9d]mun.[0xffffffd3]f^[0xffffffc7][0xffffff82][0xffffffda][0xffffff82]9[0xfffffff5][0xffffffa9]`[0x5][0xffffffbc]4[0xffffffa1][0x1d]<M[0xffffffb5]A[0xffffffa7]3[[0xffffffc0][0x7f][0x0][0xffffffc1][0xffffffd0]$[0xffffff85][0x1d][\r][0x0][0x0]"
[DEBUG] ep-0000000000 releasing valid endpoint
[DEBUG] ep-0000000000 releasing endpoint
[DEBUG] ep-0000000000 connection http-outgoing-0 can be kept alive for 3 MINUTES
[DEBUG] ep-0000000000 connection released [route: {s}->https://raw.githubusercontent.com:443][total available: 1; route allocated: 1 of 5; total allocated: 1 of 25]
[DEBUG] Detecting chrome version using online commands.properties
[DEBUG] Running command on the shell: [cmd.exe, /C, wmic, datafile, where, name="%PROGRAMFILES:\=\\%\\Google\\Chrome\\Application\\chrome.exe", get, Version, /value]
[DEBUG] Result: 
[DEBUG] Running command on the shell: [cmd.exe, /C, wmic, datafile, where, name="%PROGRAMFILES(X86):\=\\%\\Google\\Chrome\\Application\\chrome.exe", get, Version, /value]
[DEBUG] Result: 
[DEBUG] Running command on the shell: [cmd.exe, /C, wmic, datafile, where, name="%LOCALAPPDATA:\=\\%\\Google\\Chrome\\Application\\chrome.exe", get, Version, /value]
[DEBUG] Result: 
[DEBUG] Running command on the shell: [REG, QUERY, HKCU\Software\Google\Chrome\BLBeacon, /v, version]
[DEBUG] Result: HKEY_CURRENT_USER\Software\Google\Chrome\BLBeacon
    version    REG_SZ    104.0.5112.81
[DEBUG] Resolution chrome104=104.0.5112.79 in cache (valid until 13:28:12 16/08/2022 IST)
[INFO] Using chromedriver 104.0.5112.79 (resolved driver for Chrome 104)
[DEBUG] Storing resolution chrome=104 in cache (valid until 11:15:59 16/08/2022 IST)
[DEBUG] Driver chromedriver 104.0.5112.79 found in cache
[INFO] Exporting webdriver.chrome.driver as C:\Users\suman\.cache\selenium\chromedriver\win32\104.0.5112.79\chromedriver.exe
[DEBUG] Using SLF4J as the default logging framework
[DEBUG] -Dio.netty.leakDetection.level: simple
[DEBUG] -Dio.netty.leakDetection.targetRecords: 4
[DEBUG] Loaded default ResourceLeakDetector: io.netty.util.ResourceLeakDetector@d4f190
[DEBUG] -Dio.netty.noUnsafe: false
[DEBUG] Java version: 8
[DEBUG] sun.misc.Unsafe.theUnsafe: available
[DEBUG] sun.misc.Unsafe.copyMemory: available
[DEBUG] sun.misc.Unsafe.storeFence: available
[DEBUG] java.nio.Buffer.address: available
[DEBUG] direct buffer constructor: available
[DEBUG] java.nio.Bits.unaligned: available, true
[DEBUG] jdk.internal.misc.Unsafe.allocateUninitializedArray(int): unavailable prior to Java9
[DEBUG] java.nio.DirectByteBuffer.<init>(long, int): available
[DEBUG] sun.misc.Unsafe: available
[DEBUG] -Dio.netty.tmpdir: C:\Users\suman\AppData\Local\Temp (java.io.tmpdir)
[DEBUG] -Dio.netty.bitMode: 32 (sun.arch.data.model)
[DEBUG] Platform: Windows
[DEBUG] -Dio.netty.maxDirectMemory: 259522560 bytes
[DEBUG] -Dio.netty.uninitializedArrayAllocationThreshold: -1
[DEBUG] java.nio.ByteBuffer.cleaner(): available
[DEBUG] -Dio.netty.noPreferDirect: false
[DEBUG] org.jctools-core.MpscChunkedArrayQueue: available
[DEBUG] -Dio.netty.threadLocalMap.stringBuilder.initialSize: 1024
[DEBUG] -Dio.netty.threadLocalMap.stringBuilder.maxSize: 4096
[DEBUG] Default protocols (JDK): [TLSv1.3, TLSv1.2] 
[DEBUG] Default cipher suites (JDK): [TLS_ECDHE_ECDSA_WITH_AES_256_GCM_SHA384, TLS_ECDHE_ECDSA_WITH_AES_128_GCM_SHA256, TLS_ECDHE_RSA_WITH_AES_128_GCM_SHA256, TLS_ECDHE_RSA_WITH_AES_256_GCM_SHA384, TLS_ECDHE_RSA_WITH_AES_128_CBC_SHA, TLS_ECDHE_RSA_WITH_AES_256_CBC_SHA, TLS_RSA_WITH_AES_128_GCM_SHA256, TLS_RSA_WITH_AES_128_CBC_SHA, TLS_RSA_WITH_AES_256_CBC_SHA, TLS_AES_128_GCM_SHA256, TLS_AES_256_GCM_SHA384]
[DEBUG] -Dio.netty.eventLoopThreads: 8
[DEBUG] -Dio.netty.noKeySetOptimization: false
[DEBUG] -Dio.netty.selectorAutoRebuildThreshold: 512
[DEBUG] -Dio.netty.allocator.numHeapArenas: 8
[DEBUG] -Dio.netty.allocator.numDirectArenas: 8
[DEBUG] -Dio.netty.allocator.pageSize: 8192
[DEBUG] -Dio.netty.allocator.maxOrder: 9
[DEBUG] -Dio.netty.allocator.chunkSize: 4194304
[DEBUG] -Dio.netty.allocator.smallCacheSize: 256
[DEBUG] -Dio.netty.allocator.normalCacheSize: 64
[DEBUG] -Dio.netty.allocator.maxCachedBufferCapacity: 32768
[DEBUG] -Dio.netty.allocator.cacheTrimInterval: 8192
[DEBUG] -Dio.netty.allocator.cacheTrimIntervalMillis: 0
[DEBUG] -Dio.netty.allocator.useCacheForAllThreads: false
[DEBUG] -Dio.netty.allocator.maxCachedByteBuffersPerChunk: 1023
[DEBUG] -Dio.netty.allocator.type: pooled
[DEBUG] -Dio.netty.threadLocalDirectBufferSize: 0
[DEBUG] -Dio.netty.maxThreadLocalCharBufferSize: 16384
[DEBUG] -Dio.netty.processId: 2104 (auto-detected)
[DEBUG] -Djava.net.preferIPv4Stack: false
[DEBUG] -Djava.net.preferIPv6Addresses: false
[DEBUG] Loopback interface: lo (Software Loopback Interface 1, 127.0.0.1)
[DEBUG] Failed to get SOMAXCONN from sysctl and file \proc\sys\net\core\somaxconn. Default: 200
[DEBUG] -Dio.netty.machineId: 00:50:56:ff:fe:c0:00:08 (auto-detected)
[DEBUG] -Dio.netty.buffer.checkAccessible: true
[DEBUG] -Dio.netty.buffer.checkBounds: true
[DEBUG] Loaded default ResourceLeakDetector: io.netty.util.ResourceLeakDetector@104349d
[DEBUG] Using new Channel '[id: 0x52b54867, L:/127.0.0.1:56751 - R:localhost/127.0.0.1:61370]' for 'POST' to '/session'
[DEBUG] -Dio.netty.recycler.maxCapacityPerThread: 4096
[DEBUG] -Dio.netty.recycler.ratio: 8
[DEBUG] -Dio.netty.recycler.chunkSize: 32
[DEBUG] -Dio.netty.recycler.blocking: false
[DEBUG] brotli4j not in the classpath; Brotli support will be unavailable.
[DEBUG] 

Request DefaultHttpRequest(decodeResult: success, version: HTTP/1.1)
POST /session HTTP/1.1
User-Agent: selenium/4.2.1 (java windows)
Content-Length: 365
Content-Type: application/json; charset=utf-8
host: localhost:61370
accept: */*

Response DefaultHttpResponse(decodeResult: success, version: HTTP/1.1)
HTTP/1.1 200 OK
Content-Type: application/json; charset=utf-8
cache-control: no-cache
content-length: 789

[DEBUG] Adding key: http://localhost:61370 for channel [id: 0x52b54867, L:/127.0.0.1:56751 - R:localhost/127.0.0.1:61370]
[DEBUG] Using new Channel '[id: 0x464c2dd2, L:/127.0.0.1:56768 - R:localhost/127.0.0.1:56753]' for 'GET' to '/json/version'
[DEBUG] 

Request DefaultFullHttpRequest(decodeResult: success, version: HTTP/1.1, content: EmptyByteBufBE)
GET /json/version HTTP/1.1
User-Agent: selenium/4.2.1 (java windows)
host: localhost:56753
accept: */*

Response DefaultHttpResponse(decodeResult: success, version: HTTP/1.1)
HTTP/1.1 200 OK
Content-Type: application/json; charset=UTF-8
content-length: 427

[DEBUG] Adding key: http://localhost:56753 for channel [id: 0x464c2dd2, L:/127.0.0.1:56768 - R:localhost/127.0.0.1:56753]
[DEBUG] -Dio.netty.initialSeedUniquifier: 0xe45eefd6c7eb5267
[DEBUG] Using new Channel '[id: 0x241f6b3d, L:/127.0.0.1:56769 - R:localhost/127.0.0.1:56753]' for 'GET' to '/devtools/browser/20718b9b-0361-444b-8c40-2e9f4e749502'
[DEBUG] 

Request DefaultFullHttpRequest(decodeResult: success, version: HTTP/1.1, content: EmptyByteBufBE)
GET /devtools/browser/20718b9b-0361-444b-8c40-2e9f4e749502 HTTP/1.1
upgrade: websocket
connection: upgrade
sec-websocket-key: 4RHqomGcl6BRX1r9o5B6UA==
sec-websocket-version: 13
origin: http://localhost:56753
host: localhost:56753
accept: */*
user-agent: AHC/2.1

Response DefaultHttpResponse(decodeResult: success, version: HTTP/1.1)
HTTP/1.1 101 WebSocket Protocol Handshake
Upgrade: WebSocket
Connection: Upgrade
Sec-WebSocket-Accept: B/lSLqNv0xHhlxzdSMLfYW79v9k=

[DEBUG] Entry count for : http://localhost:61370 : 1
[DEBUG] Entry count for : http://localhost:56753 : 1
[DEBUG] Using pooled Channel '[id: 0x52b54867, L:/127.0.0.1:56751 - R:localhost/127.0.0.1:61370]' for 'POST' to 'http://localhost:61370/session/32ee02a162a20017acab80c5d95bbf6a/window/maximize'
[DEBUG] Using open Channel [id: 0x52b54867, L:/127.0.0.1:56751 - R:localhost/127.0.0.1:61370] for POST '/session/32ee02a162a20017acab80c5d95bbf6a/window/maximize'
[DEBUG] 

Request DefaultHttpRequest(decodeResult: success, version: HTTP/1.1)
POST /session/32ee02a162a20017acab80c5d95bbf6a/window/maximize HTTP/1.1
User-Agent: selenium/4.2.1 (java windows)
Content-Length: 3
Content-Type: application/json; charset=utf-8
host: localhost:61370
accept: */*

Response DefaultHttpResponse(decodeResult: success, version: HTTP/1.1)
HTTP/1.1 200 OK
Content-Type: application/json; charset=utf-8
cache-control: no-cache
content-length: 51

[DEBUG] Adding key: http://localhost:61370 for channel [id: 0x52b54867, L:/127.0.0.1:56751 - R:localhost/127.0.0.1:61370]
[FATAL] 2022-08-16 10:16:04.333 [TestNG-test=Surefire test-1] StepDef - Setup1 executed...
[INFO ] 2022-08-16 10:16:04.390 [TestNG-test=Surefire test-1] StepDef - chrome browser launched
[DEBUG] Using pooled Channel '[id: 0x52b54867, L:/127.0.0.1:56751 - R:localhost/127.0.0.1:61370]' for 'POST' to 'http://localhost:61370/session/32ee02a162a20017acab80c5d95bbf6a/url'
[DEBUG] Using open Channel [id: 0x52b54867, L:/127.0.0.1:56751 - R:localhost/127.0.0.1:61370] for POST '/session/32ee02a162a20017acab80c5d95bbf6a/url'
[DEBUG] Entry count for : http://localhost:56753 : 1
[DEBUG] Entry count for : http://localhost:56753 : 1
[DEBUG] Entry count for : http://localhost:56753 : 1
[DEBUG] Entry count for : http://localhost:56753 : 1
[DEBUG] Entry count for : http://localhost:56753 : 1
[DEBUG] 

Request DefaultHttpRequest(decodeResult: success, version: HTTP/1.1)
POST /session/32ee02a162a20017acab80c5d95bbf6a/url HTTP/1.1
User-Agent: selenium/4.2.1 (java windows)
Content-Length: 69
Content-Type: application/json; charset=utf-8
host: localhost:61370
accept: */*

Response DefaultHttpResponse(decodeResult: success, version: HTTP/1.1)
HTTP/1.1 200 OK
Content-Type: application/json; charset=utf-8
cache-control: no-cache
content-length: 14

[DEBUG] Adding key: http://localhost:61370 for channel [id: 0x52b54867, L:/127.0.0.1:56751 - R:localhost/127.0.0.1:61370]
[INFO ] 2022-08-16 10:16:09.850 [TestNG-test=Surefire test-1] StepDef - url opened
[DEBUG] Using pooled Channel '[id: 0x52b54867, L:/127.0.0.1:56751 - R:localhost/127.0.0.1:61370]' for 'POST' to 'http://localhost:61370/session/32ee02a162a20017acab80c5d95bbf6a/element'
[DEBUG] Using open Channel [id: 0x52b54867, L:/127.0.0.1:56751 - R:localhost/127.0.0.1:61370] for POST '/session/32ee02a162a20017acab80c5d95bbf6a/element'
[DEBUG] 

Request DefaultHttpRequest(decodeResult: success, version: HTTP/1.1)
POST /session/32ee02a162a20017acab80c5d95bbf6a/element HTTP/1.1
User-Agent: selenium/4.2.1 (java windows)
Content-Length: 50
Content-Type: application/json; charset=utf-8
host: localhost:61370
accept: */*

Response DefaultHttpResponse(decodeResult: success, version: HTTP/1.1)
HTTP/1.1 200 OK
Content-Type: application/json; charset=utf-8
cache-control: no-cache
content-length: 88

[DEBUG] Adding key: http://localhost:61370 for channel [id: 0x52b54867, L:/127.0.0.1:56751 - R:localhost/127.0.0.1:61370]
[DEBUG] Using pooled Channel '[id: 0x52b54867, L:/127.0.0.1:56751 - R:localhost/127.0.0.1:61370]' for 'POST' to 'http://localhost:61370/session/32ee02a162a20017acab80c5d95bbf6a/element/15eef222-9bd0-4c71-8d07-0e9e1ed3ff6c/clear'
[DEBUG] Using open Channel [id: 0x52b54867, L:/127.0.0.1:56751 - R:localhost/127.0.0.1:61370] for POST '/session/32ee02a162a20017acab80c5d95bbf6a/element/15eef222-9bd0-4c71-8d07-0e9e1ed3ff6c/clear'
[DEBUG] 

Request DefaultHttpRequest(decodeResult: success, version: HTTP/1.1)
POST /session/32ee02a162a20017acab80c5d95bbf6a/element/15eef222-9bd0-4c71-8d07-0e9e1ed3ff6c/clear HTTP/1.1
User-Agent: selenium/4.2.1 (java windows)
Content-Length: 50
Content-Type: application/json; charset=utf-8
host: localhost:61370
accept: */*

Response DefaultHttpResponse(decodeResult: success, version: HTTP/1.1)
HTTP/1.1 200 OK
Content-Type: application/json; charset=utf-8
cache-control: no-cache
content-length: 14

[DEBUG] Adding key: http://localhost:61370 for channel [id: 0x52b54867, L:/127.0.0.1:56751 - R:localhost/127.0.0.1:61370]
[DEBUG] Using pooled Channel '[id: 0x52b54867, L:/127.0.0.1:56751 - R:localhost/127.0.0.1:61370]' for 'POST' to 'http://localhost:61370/session/32ee02a162a20017acab80c5d95bbf6a/element'
[DEBUG] Using open Channel [id: 0x52b54867, L:/127.0.0.1:56751 - R:localhost/127.0.0.1:61370] for POST '/session/32ee02a162a20017acab80c5d95bbf6a/element'
[DEBUG] 

Request DefaultHttpRequest(decodeResult: success, version: HTTP/1.1)
POST /session/32ee02a162a20017acab80c5d95bbf6a/element HTTP/1.1
User-Agent: selenium/4.2.1 (java windows)
Content-Length: 50
Content-Type: application/json; charset=utf-8
host: localhost:61370
accept: */*

Response DefaultHttpResponse(decodeResult: success, version: HTTP/1.1)
HTTP/1.1 200 OK
Content-Type: application/json; charset=utf-8
cache-control: no-cache
content-length: 88

[DEBUG] Adding key: http://localhost:61370 for channel [id: 0x52b54867, L:/127.0.0.1:56751 - R:localhost/127.0.0.1:61370]
[DEBUG] Using pooled Channel '[id: 0x52b54867, L:/127.0.0.1:56751 - R:localhost/127.0.0.1:61370]' for 'POST' to 'http://localhost:61370/session/32ee02a162a20017acab80c5d95bbf6a/element/15eef222-9bd0-4c71-8d07-0e9e1ed3ff6c/value'
[DEBUG] Using open Channel [id: 0x52b54867, L:/127.0.0.1:56751 - R:localhost/127.0.0.1:61370] for POST '/session/32ee02a162a20017acab80c5d95bbf6a/element/15eef222-9bd0-4c71-8d07-0e9e1ed3ff6c/value'
[DEBUG] 

Request DefaultHttpRequest(decodeResult: success, version: HTTP/1.1)
POST /session/32ee02a162a20017acab80c5d95bbf6a/element/15eef222-9bd0-4c71-8d07-0e9e1ed3ff6c/value HTTP/1.1
User-Agent: selenium/4.2.1 (java windows)
Content-Length: 271
Content-Type: application/json; charset=utf-8
host: localhost:61370
accept: */*

Response DefaultHttpResponse(decodeResult: success, version: HTTP/1.1)
HTTP/1.1 200 OK
Content-Type: application/json; charset=utf-8
cache-control: no-cache
content-length: 14

[DEBUG] Adding key: http://localhost:61370 for channel [id: 0x52b54867, L:/127.0.0.1:56751 - R:localhost/127.0.0.1:61370]
[DEBUG] Using pooled Channel '[id: 0x52b54867, L:/127.0.0.1:56751 - R:localhost/127.0.0.1:61370]' for 'POST' to 'http://localhost:61370/session/32ee02a162a20017acab80c5d95bbf6a/element'
[DEBUG] Using open Channel [id: 0x52b54867, L:/127.0.0.1:56751 - R:localhost/127.0.0.1:61370] for POST '/session/32ee02a162a20017acab80c5d95bbf6a/element'
[DEBUG] 

Request DefaultHttpRequest(decodeResult: success, version: HTTP/1.1)
POST /session/32ee02a162a20017acab80c5d95bbf6a/element HTTP/1.1
User-Agent: selenium/4.2.1 (java windows)
Content-Length: 53
Content-Type: application/json; charset=utf-8
host: localhost:61370
accept: */*

Response DefaultHttpResponse(decodeResult: success, version: HTTP/1.1)
HTTP/1.1 200 OK
Content-Type: application/json; charset=utf-8
cache-control: no-cache
content-length: 88

[DEBUG] Adding key: http://localhost:61370 for channel [id: 0x52b54867, L:/127.0.0.1:56751 - R:localhost/127.0.0.1:61370]
[DEBUG] Using pooled Channel '[id: 0x52b54867, L:/127.0.0.1:56751 - R:localhost/127.0.0.1:61370]' for 'POST' to 'http://localhost:61370/session/32ee02a162a20017acab80c5d95bbf6a/element/226253ef-eecc-4739-a548-3bc6133b8845/clear'
[DEBUG] Using open Channel [id: 0x52b54867, L:/127.0.0.1:56751 - R:localhost/127.0.0.1:61370] for POST '/session/32ee02a162a20017acab80c5d95bbf6a/element/226253ef-eecc-4739-a548-3bc6133b8845/clear'
[DEBUG] 

Request DefaultHttpRequest(decodeResult: success, version: HTTP/1.1)
POST /session/32ee02a162a20017acab80c5d95bbf6a/element/226253ef-eecc-4739-a548-3bc6133b8845/clear HTTP/1.1
User-Agent: selenium/4.2.1 (java windows)
Content-Length: 50
Content-Type: application/json; charset=utf-8
host: localhost:61370
accept: */*

Response DefaultHttpResponse(decodeResult: success, version: HTTP/1.1)
HTTP/1.1 200 OK
Content-Type: application/json; charset=utf-8
cache-control: no-cache
content-length: 14

[DEBUG] Adding key: http://localhost:61370 for channel [id: 0x52b54867, L:/127.0.0.1:56751 - R:localhost/127.0.0.1:61370]
[DEBUG] Using pooled Channel '[id: 0x52b54867, L:/127.0.0.1:56751 - R:localhost/127.0.0.1:61370]' for 'POST' to 'http://localhost:61370/session/32ee02a162a20017acab80c5d95bbf6a/element'
[DEBUG] Using open Channel [id: 0x52b54867, L:/127.0.0.1:56751 - R:localhost/127.0.0.1:61370] for POST '/session/32ee02a162a20017acab80c5d95bbf6a/element'
[DEBUG] 

Request DefaultHttpRequest(decodeResult: success, version: HTTP/1.1)
POST /session/32ee02a162a20017acab80c5d95bbf6a/element HTTP/1.1
User-Agent: selenium/4.2.1 (java windows)
Content-Length: 53
Content-Type: application/json; charset=utf-8
host: localhost:61370
accept: */*

Response DefaultHttpResponse(decodeResult: success, version: HTTP/1.1)
HTTP/1.1 200 OK
Content-Type: application/json; charset=utf-8
cache-control: no-cache
content-length: 88

[DEBUG] Adding key: http://localhost:61370 for channel [id: 0x52b54867, L:/127.0.0.1:56751 - R:localhost/127.0.0.1:61370]
[DEBUG] Using pooled Channel '[id: 0x52b54867, L:/127.0.0.1:56751 - R:localhost/127.0.0.1:61370]' for 'POST' to 'http://localhost:61370/session/32ee02a162a20017acab80c5d95bbf6a/element/226253ef-eecc-4739-a548-3bc6133b8845/value'
[DEBUG] Using open Channel [id: 0x52b54867, L:/127.0.0.1:56751 - R:localhost/127.0.0.1:61370] for POST '/session/32ee02a162a20017acab80c5d95bbf6a/element/226253ef-eecc-4739-a548-3bc6133b8845/value'
[DEBUG] 

Request DefaultHttpRequest(decodeResult: success, version: HTTP/1.1)
POST /session/32ee02a162a20017acab80c5d95bbf6a/element/226253ef-eecc-4739-a548-3bc6133b8845/value HTTP/1.1
User-Agent: selenium/4.2.1 (java windows)
Content-Length: 131
Content-Type: application/json; charset=utf-8
host: localhost:61370
accept: */*

Response DefaultHttpResponse(decodeResult: success, version: HTTP/1.1)
HTTP/1.1 200 OK
Content-Type: application/json; charset=utf-8
cache-control: no-cache
content-length: 14

[DEBUG] Adding key: http://localhost:61370 for channel [id: 0x52b54867, L:/127.0.0.1:56751 - R:localhost/127.0.0.1:61370]
[INFO ] 2022-08-16 10:16:10.135 [TestNG-test=Surefire test-1] StepDef - email address and password entered
[DEBUG] Using pooled Channel '[id: 0x52b54867, L:/127.0.0.1:56751 - R:localhost/127.0.0.1:61370]' for 'POST' to 'http://localhost:61370/session/32ee02a162a20017acab80c5d95bbf6a/element'
[DEBUG] Using open Channel [id: 0x52b54867, L:/127.0.0.1:56751 - R:localhost/127.0.0.1:61370] for POST '/session/32ee02a162a20017acab80c5d95bbf6a/element'
[DEBUG] 

Request DefaultHttpRequest(decodeResult: success, version: HTTP/1.1)
POST /session/32ee02a162a20017acab80c5d95bbf6a/element HTTP/1.1
User-Agent: selenium/4.2.1 (java windows)
Content-Length: 87
Content-Type: application/json; charset=utf-8
host: localhost:61370
accept: */*

Response DefaultHttpResponse(decodeResult: success, version: HTTP/1.1)
HTTP/1.1 200 OK
Content-Type: application/json; charset=utf-8
cache-control: no-cache
content-length: 88

[DEBUG] Adding key: http://localhost:61370 for channel [id: 0x52b54867, L:/127.0.0.1:56751 - R:localhost/127.0.0.1:61370]
[DEBUG] Using pooled Channel '[id: 0x52b54867, L:/127.0.0.1:56751 - R:localhost/127.0.0.1:61370]' for 'POST' to 'http://localhost:61370/session/32ee02a162a20017acab80c5d95bbf6a/element/b2a5152f-bd78-4b8b-a397-5faf83a8e00b/click'
[DEBUG] Using open Channel [id: 0x52b54867, L:/127.0.0.1:56751 - R:localhost/127.0.0.1:61370] for POST '/session/32ee02a162a20017acab80c5d95bbf6a/element/b2a5152f-bd78-4b8b-a397-5faf83a8e00b/click'
[DEBUG] Entry count for : http://localhost:56753 : 1
[DEBUG] Entry count for : http://localhost:56753 : 1
[DEBUG] Entry count for : http://localhost:56753 : 1
[DEBUG] Entry count for : http://localhost:56753 : 1
[DEBUG] 

Request DefaultHttpRequest(decodeResult: success, version: HTTP/1.1)
POST /session/32ee02a162a20017acab80c5d95bbf6a/element/b2a5152f-bd78-4b8b-a397-5faf83a8e00b/click HTTP/1.1
User-Agent: selenium/4.2.1 (java windows)
Content-Length: 50
Content-Type: application/json; charset=utf-8
host: localhost:61370
accept: */*

Response DefaultHttpResponse(decodeResult: success, version: HTTP/1.1)
HTTP/1.1 200 OK
Content-Type: application/json; charset=utf-8
cache-control: no-cache
content-length: 14

[DEBUG] Adding key: http://localhost:61370 for channel [id: 0x52b54867, L:/127.0.0.1:56751 - R:localhost/127.0.0.1:61370]
[INFO ] 2022-08-16 10:16:14.121 [TestNG-test=Surefire test-1] StepDef - Clicked on login button
[DEBUG] Using pooled Channel '[id: 0x52b54867, L:/127.0.0.1:56751 - R:localhost/127.0.0.1:61370]' for 'GET' to 'http://localhost:61370/session/32ee02a162a20017acab80c5d95bbf6a/title'
[DEBUG] Using open Channel [id: 0x52b54867, L:/127.0.0.1:56751 - R:localhost/127.0.0.1:61370] for GET '/session/32ee02a162a20017acab80c5d95bbf6a/title'
[DEBUG] 

Request DefaultFullHttpRequest(decodeResult: success, version: HTTP/1.1, content: EmptyByteBufBE)
GET /session/32ee02a162a20017acab80c5d95bbf6a/title HTTP/1.1
User-Agent: selenium/4.2.1 (java windows)
Cache-Control: no-cache
Content-Type: application/json; charset=utf-8
host: localhost:61370
accept: */*

Response DefaultHttpResponse(decodeResult: success, version: HTTP/1.1)
HTTP/1.1 200 OK
Content-Type: application/json; charset=utf-8
cache-control: no-cache
content-length: 50

[DEBUG] Adding key: http://localhost:61370 for channel [id: 0x52b54867, L:/127.0.0.1:56751 - R:localhost/127.0.0.1:61370]
[INFO ] 2022-08-16 10:16:14.132 [TestNG-test=Surefire test-1] StepDef - user can view dashboard test passed.
[DEBUG] Using pooled Channel '[id: 0x52b54867, L:/127.0.0.1:56751 - R:localhost/127.0.0.1:61370]' for 'POST' to 'http://localhost:61370/session/32ee02a162a20017acab80c5d95bbf6a/element'
[DEBUG] Using open Channel [id: 0x52b54867, L:/127.0.0.1:56751 - R:localhost/127.0.0.1:61370] for POST '/session/32ee02a162a20017acab80c5d95bbf6a/element'
[DEBUG] 

Request DefaultHttpRequest(decodeResult: success, version: HTTP/1.1)
POST /session/32ee02a162a20017acab80c5d95bbf6a/element HTTP/1.1
User-Agent: selenium/4.2.1 (java windows)
Content-Length: 104
Content-Type: application/json; charset=utf-8
host: localhost:61370
accept: */*

Response DefaultHttpResponse(decodeResult: success, version: HTTP/1.1)
HTTP/1.1 200 OK
Content-Type: application/json; charset=utf-8
cache-control: no-cache
content-length: 88

[DEBUG] Adding key: http://localhost:61370 for channel [id: 0x52b54867, L:/127.0.0.1:56751 - R:localhost/127.0.0.1:61370]
[DEBUG] Using pooled Channel '[id: 0x52b54867, L:/127.0.0.1:56751 - R:localhost/127.0.0.1:61370]' for 'POST' to 'http://localhost:61370/session/32ee02a162a20017acab80c5d95bbf6a/element/ab6d25ae-8cb1-4755-aab6-3b6a4f6a6a90/click'
[DEBUG] Using open Channel [id: 0x52b54867, L:/127.0.0.1:56751 - R:localhost/127.0.0.1:61370] for POST '/session/32ee02a162a20017acab80c5d95bbf6a/element/ab6d25ae-8cb1-4755-aab6-3b6a4f6a6a90/click'
[DEBUG] 

Request DefaultHttpRequest(decodeResult: success, version: HTTP/1.1)
POST /session/32ee02a162a20017acab80c5d95bbf6a/element/ab6d25ae-8cb1-4755-aab6-3b6a4f6a6a90/click HTTP/1.1
User-Agent: selenium/4.2.1 (java windows)
Content-Length: 50
Content-Type: application/json; charset=utf-8
host: localhost:61370
accept: */*

Response DefaultHttpResponse(decodeResult: success, version: HTTP/1.1)
HTTP/1.1 200 OK
Content-Type: application/json; charset=utf-8
cache-control: no-cache
content-length: 14

[DEBUG] Adding key: http://localhost:61370 for channel [id: 0x52b54867, L:/127.0.0.1:56751 - R:localhost/127.0.0.1:61370]
[INFO ] 2022-08-16 10:16:14.266 [TestNG-test=Surefire test-1] StepDef - customer menu clicked
[DEBUG] Entry count for : http://localhost:61370 : 1
[DEBUG] Entry count for : http://localhost:56753 : 1
[DEBUG] Entry count for : http://localhost:61370 : 1
[DEBUG] Entry count for : http://localhost:56753 : 1
[DEBUG] Using pooled Channel '[id: 0x52b54867, L:/127.0.0.1:56751 - R:localhost/127.0.0.1:61370]' for 'POST' to 'http://localhost:61370/session/32ee02a162a20017acab80c5d95bbf6a/element'
[DEBUG] Using open Channel [id: 0x52b54867, L:/127.0.0.1:56751 - R:localhost/127.0.0.1:61370] for POST '/session/32ee02a162a20017acab80c5d95bbf6a/element'
[DEBUG] 

Request DefaultHttpRequest(decodeResult: success, version: HTTP/1.1)
POST /session/32ee02a162a20017acab80c5d95bbf6a/element HTTP/1.1
User-Agent: selenium/4.2.1 (java windows)
Content-Length: 138
Content-Type: application/json; charset=utf-8
host: localhost:61370
accept: */*

Response DefaultHttpResponse(decodeResult: success, version: HTTP/1.1)
HTTP/1.1 200 OK
Content-Type: application/json; charset=utf-8
cache-control: no-cache
content-length: 88

[DEBUG] Adding key: http://localhost:61370 for channel [id: 0x52b54867, L:/127.0.0.1:56751 - R:localhost/127.0.0.1:61370]
[DEBUG] Using pooled Channel '[id: 0x52b54867, L:/127.0.0.1:56751 - R:localhost/127.0.0.1:61370]' for 'POST' to 'http://localhost:61370/session/32ee02a162a20017acab80c5d95bbf6a/element/3e1b74b7-0bab-4a5d-b307-db7652dad74d/click'
[DEBUG] Using open Channel [id: 0x52b54867, L:/127.0.0.1:56751 - R:localhost/127.0.0.1:61370] for POST '/session/32ee02a162a20017acab80c5d95bbf6a/element/3e1b74b7-0bab-4a5d-b307-db7652dad74d/click'
[DEBUG] Entry count for : http://localhost:56753 : 1
[DEBUG] 

Request DefaultHttpRequest(decodeResult: success, version: HTTP/1.1)
POST /session/32ee02a162a20017acab80c5d95bbf6a/element/3e1b74b7-0bab-4a5d-b307-db7652dad74d/click HTTP/1.1
User-Agent: selenium/4.2.1 (java windows)
Content-Length: 50
Content-Type: application/json; charset=utf-8
host: localhost:61370
accept: */*

Response DefaultHttpResponse(decodeResult: success, version: HTTP/1.1)
HTTP/1.1 200 OK
Content-Type: application/json; charset=utf-8
cache-control: no-cache
content-length: 14

[DEBUG] Adding key: http://localhost:61370 for channel [id: 0x52b54867, L:/127.0.0.1:56751 - R:localhost/127.0.0.1:61370]
[INFO ] 2022-08-16 10:16:17.776 [TestNG-test=Surefire test-1] StepDef - customer menu item clicked
[DEBUG] Entry count for : http://localhost:61370 : 1
[DEBUG] Entry count for : http://localhost:56753 : 1
[DEBUG] Entry count for : http://localhost:61370 : 1
[DEBUG] Entry count for : http://localhost:56753 : 1
[DEBUG] Using pooled Channel '[id: 0x52b54867, L:/127.0.0.1:56751 - R:localhost/127.0.0.1:61370]' for 'POST' to 'http://localhost:61370/session/32ee02a162a20017acab80c5d95bbf6a/element'
[DEBUG] Using open Channel [id: 0x52b54867, L:/127.0.0.1:56751 - R:localhost/127.0.0.1:61370] for POST '/session/32ee02a162a20017acab80c5d95bbf6a/element'
[DEBUG] 

Request DefaultHttpRequest(decodeResult: success, version: HTTP/1.1)
POST /session/32ee02a162a20017acab80c5d95bbf6a/element HTTP/1.1
User-Agent: selenium/4.2.1 (java windows)
Content-Length: 76
Content-Type: application/json; charset=utf-8
host: localhost:61370
accept: */*

Response DefaultHttpResponse(decodeResult: success, version: HTTP/1.1)
HTTP/1.1 200 OK
Content-Type: application/json; charset=utf-8
cache-control: no-cache
content-length: 88

[DEBUG] Adding key: http://localhost:61370 for channel [id: 0x52b54867, L:/127.0.0.1:56751 - R:localhost/127.0.0.1:61370]
[DEBUG] Using pooled Channel '[id: 0x52b54867, L:/127.0.0.1:56751 - R:localhost/127.0.0.1:61370]' for 'POST' to 'http://localhost:61370/session/32ee02a162a20017acab80c5d95bbf6a/element/6241170f-d509-4d60-b078-786c66c0a6f4/click'
[DEBUG] Using open Channel [id: 0x52b54867, L:/127.0.0.1:56751 - R:localhost/127.0.0.1:61370] for POST '/session/32ee02a162a20017acab80c5d95bbf6a/element/6241170f-d509-4d60-b078-786c66c0a6f4/click'
[DEBUG] Entry count for : http://localhost:56753 : 1
[DEBUG] 

Request DefaultHttpRequest(decodeResult: success, version: HTTP/1.1)
POST /session/32ee02a162a20017acab80c5d95bbf6a/element/6241170f-d509-4d60-b078-786c66c0a6f4/click HTTP/1.1
User-Agent: selenium/4.2.1 (java windows)
Content-Length: 50
Content-Type: application/json; charset=utf-8
host: localhost:61370
accept: */*

Response DefaultHttpResponse(decodeResult: success, version: HTTP/1.1)
HTTP/1.1 200 OK
Content-Type: application/json; charset=utf-8
cache-control: no-cache
content-length: 14

[DEBUG] Adding key: http://localhost:61370 for channel [id: 0x52b54867, L:/127.0.0.1:56751 - R:localhost/127.0.0.1:61370]
[INFO ] 2022-08-16 10:16:21.477 [TestNG-test=Surefire test-1] StepDef - clicked on add new button.
[DEBUG] Using pooled Channel '[id: 0x52b54867, L:/127.0.0.1:56751 - R:localhost/127.0.0.1:61370]' for 'GET' to 'http://localhost:61370/session/32ee02a162a20017acab80c5d95bbf6a/title'
[DEBUG] Using open Channel [id: 0x52b54867, L:/127.0.0.1:56751 - R:localhost/127.0.0.1:61370] for GET '/session/32ee02a162a20017acab80c5d95bbf6a/title'
[DEBUG] 

Request DefaultFullHttpRequest(decodeResult: success, version: HTTP/1.1, content: EmptyByteBufBE)
GET /session/32ee02a162a20017acab80c5d95bbf6a/title HTTP/1.1
User-Agent: selenium/4.2.1 (java windows)
Cache-Control: no-cache
Content-Type: application/json; charset=utf-8
host: localhost:61370
accept: */*

Response DefaultHttpResponse(decodeResult: success, version: HTTP/1.1)
HTTP/1.1 200 OK
Content-Type: application/json; charset=utf-8
cache-control: no-cache
content-length: 59

[DEBUG] Adding key: http://localhost:61370 for channel [id: 0x52b54867, L:/127.0.0.1:56751 - R:localhost/127.0.0.1:61370]
[INFO ] 2022-08-16 10:16:21.513 [TestNG-test=Surefire test-1] StepDef - User can view Add new customer page- passed
[DEBUG] Using pooled Channel '[id: 0x52b54867, L:/127.0.0.1:56751 - R:localhost/127.0.0.1:61370]' for 'POST' to 'http://localhost:61370/session/32ee02a162a20017acab80c5d95bbf6a/element'
[DEBUG] Using open Channel [id: 0x52b54867, L:/127.0.0.1:56751 - R:localhost/127.0.0.1:61370] for POST '/session/32ee02a162a20017acab80c5d95bbf6a/element'
[DEBUG] 

Request DefaultHttpRequest(decodeResult: success, version: HTTP/1.1)
POST /session/32ee02a162a20017acab80c5d95bbf6a/element HTTP/1.1
User-Agent: selenium/4.2.1 (java windows)
Content-Length: 67
Content-Type: application/json; charset=utf-8
host: localhost:61370
accept: */*

Response DefaultHttpResponse(decodeResult: success, version: HTTP/1.1)
HTTP/1.1 200 OK
Content-Type: application/json; charset=utf-8
cache-control: no-cache
content-length: 88

[DEBUG] Adding key: http://localhost:61370 for channel [id: 0x52b54867, L:/127.0.0.1:56751 - R:localhost/127.0.0.1:61370]
[DEBUG] Using pooled Channel '[id: 0x52b54867, L:/127.0.0.1:56751 - R:localhost/127.0.0.1:61370]' for 'POST' to 'http://localhost:61370/session/32ee02a162a20017acab80c5d95bbf6a/element/27346d06-8dfa-4784-a79c-d313b5c0a09d/value'
[DEBUG] Using open Channel [id: 0x52b54867, L:/127.0.0.1:56751 - R:localhost/127.0.0.1:61370] for POST '/session/32ee02a162a20017acab80c5d95bbf6a/element/27346d06-8dfa-4784-a79c-d313b5c0a09d/value'
[DEBUG] 

Request DefaultHttpRequest(decodeResult: success, version: HTTP/1.1)
POST /session/32ee02a162a20017acab80c5d95bbf6a/element/27346d06-8dfa-4784-a79c-d313b5c0a09d/value HTTP/1.1
User-Agent: selenium/4.2.1 (java windows)
Content-Length: 231
Content-Type: application/json; charset=utf-8
host: localhost:61370
accept: */*

Response DefaultHttpResponse(decodeResult: success, version: HTTP/1.1)
HTTP/1.1 200 OK
Content-Type: application/json; charset=utf-8
cache-control: no-cache
content-length: 14

[DEBUG] Adding key: http://localhost:61370 for channel [id: 0x52b54867, L:/127.0.0.1:56751 - R:localhost/127.0.0.1:61370]
[DEBUG] Using pooled Channel '[id: 0x52b54867, L:/127.0.0.1:56751 - R:localhost/127.0.0.1:61370]' for 'POST' to 'http://localhost:61370/session/32ee02a162a20017acab80c5d95bbf6a/element'
[DEBUG] Using open Channel [id: 0x52b54867, L:/127.0.0.1:56751 - R:localhost/127.0.0.1:61370] for POST '/session/32ee02a162a20017acab80c5d95bbf6a/element'
[DEBUG] 

Request DefaultHttpRequest(decodeResult: success, version: HTTP/1.1)
POST /session/32ee02a162a20017acab80c5d95bbf6a/element HTTP/1.1
User-Agent: selenium/4.2.1 (java windows)
Content-Length: 70
Content-Type: application/json; charset=utf-8
host: localhost:61370
accept: */*

Response DefaultHttpResponse(decodeResult: success, version: HTTP/1.1)
HTTP/1.1 200 OK
Content-Type: application/json; charset=utf-8
cache-control: no-cache
content-length: 88

[DEBUG] Adding key: http://localhost:61370 for channel [id: 0x52b54867, L:/127.0.0.1:56751 - R:localhost/127.0.0.1:61370]
[DEBUG] Using pooled Channel '[id: 0x52b54867, L:/127.0.0.1:56751 - R:localhost/127.0.0.1:61370]' for 'POST' to 'http://localhost:61370/session/32ee02a162a20017acab80c5d95bbf6a/element/7c8efb6e-64ff-4001-87b9-c86048e40b70/value'
[DEBUG] Using open Channel [id: 0x52b54867, L:/127.0.0.1:56751 - R:localhost/127.0.0.1:61370] for POST '/session/32ee02a162a20017acab80c5d95bbf6a/element/7c8efb6e-64ff-4001-87b9-c86048e40b70/value'
[DEBUG] Entry count for : http://localhost:56753 : 1
[DEBUG] 

Request DefaultHttpRequest(decodeResult: success, version: HTTP/1.1)
POST /session/32ee02a162a20017acab80c5d95bbf6a/element/7c8efb6e-64ff-4001-87b9-c86048e40b70/value HTTP/1.1
User-Agent: selenium/4.2.1 (java windows)
Content-Length: 131
Content-Type: application/json; charset=utf-8
host: localhost:61370
accept: */*

Response DefaultHttpResponse(decodeResult: success, version: HTTP/1.1)
HTTP/1.1 200 OK
Content-Type: application/json; charset=utf-8
cache-control: no-cache
content-length: 14

[DEBUG] Adding key: http://localhost:61370 for channel [id: 0x52b54867, L:/127.0.0.1:56751 - R:localhost/127.0.0.1:61370]
[DEBUG] Using pooled Channel '[id: 0x52b54867, L:/127.0.0.1:56751 - R:localhost/127.0.0.1:61370]' for 'POST' to 'http://localhost:61370/session/32ee02a162a20017acab80c5d95bbf6a/element'
[DEBUG] Using open Channel [id: 0x52b54867, L:/127.0.0.1:56751 - R:localhost/127.0.0.1:61370] for POST '/session/32ee02a162a20017acab80c5d95bbf6a/element'
[DEBUG] 

Request DefaultHttpRequest(decodeResult: success, version: HTTP/1.1)
POST /session/32ee02a162a20017acab80c5d95bbf6a/element HTTP/1.1
User-Agent: selenium/4.2.1 (java windows)
Content-Length: 71
Content-Type: application/json; charset=utf-8
host: localhost:61370
accept: */*

Response DefaultHttpResponse(decodeResult: success, version: HTTP/1.1)
HTTP/1.1 200 OK
Content-Type: application/json; charset=utf-8
cache-control: no-cache
content-length: 88

[DEBUG] Adding key: http://localhost:61370 for channel [id: 0x52b54867, L:/127.0.0.1:56751 - R:localhost/127.0.0.1:61370]
[DEBUG] Using pooled Channel '[id: 0x52b54867, L:/127.0.0.1:56751 - R:localhost/127.0.0.1:61370]' for 'POST' to 'http://localhost:61370/session/32ee02a162a20017acab80c5d95bbf6a/element/ed50681e-e8d8-49e5-b777-212e3258205b/value'
[DEBUG] Using open Channel [id: 0x52b54867, L:/127.0.0.1:56751 - R:localhost/127.0.0.1:61370] for POST '/session/32ee02a162a20017acab80c5d95bbf6a/element/ed50681e-e8d8-49e5-b777-212e3258205b/value'
[DEBUG] 

Request DefaultHttpRequest(decodeResult: success, version: HTTP/1.1)
POST /session/32ee02a162a20017acab80c5d95bbf6a/element/ed50681e-e8d8-49e5-b777-212e3258205b/value HTTP/1.1
User-Agent: selenium/4.2.1 (java windows)
Content-Length: 141
Content-Type: application/json; charset=utf-8
host: localhost:61370
accept: */*

Response DefaultHttpResponse(decodeResult: success, version: HTTP/1.1)
HTTP/1.1 200 OK
Content-Type: application/json; charset=utf-8
cache-control: no-cache
content-length: 14

[DEBUG] Adding key: http://localhost:61370 for channel [id: 0x52b54867, L:/127.0.0.1:56751 - R:localhost/127.0.0.1:61370]
[DEBUG] Using pooled Channel '[id: 0x52b54867, L:/127.0.0.1:56751 - R:localhost/127.0.0.1:61370]' for 'POST' to 'http://localhost:61370/session/32ee02a162a20017acab80c5d95bbf6a/element'
[DEBUG] Using open Channel [id: 0x52b54867, L:/127.0.0.1:56751 - R:localhost/127.0.0.1:61370] for POST '/session/32ee02a162a20017acab80c5d95bbf6a/element'
[DEBUG] 

Request DefaultHttpRequest(decodeResult: success, version: HTTP/1.1)
POST /session/32ee02a162a20017acab80c5d95bbf6a/element HTTP/1.1
User-Agent: selenium/4.2.1 (java windows)
Content-Length: 70
Content-Type: application/json; charset=utf-8
host: localhost:61370
accept: */*

Response DefaultHttpResponse(decodeResult: success, version: HTTP/1.1)
HTTP/1.1 200 OK
Content-Type: application/json; charset=utf-8
cache-control: no-cache
content-length: 88

[DEBUG] Adding key: http://localhost:61370 for channel [id: 0x52b54867, L:/127.0.0.1:56751 - R:localhost/127.0.0.1:61370]
[DEBUG] Using pooled Channel '[id: 0x52b54867, L:/127.0.0.1:56751 - R:localhost/127.0.0.1:61370]' for 'POST' to 'http://localhost:61370/session/32ee02a162a20017acab80c5d95bbf6a/element/ae5798fc-d8a0-4f5a-87b2-5b4bcd20ccfb/value'
[DEBUG] Using open Channel [id: 0x52b54867, L:/127.0.0.1:56751 - R:localhost/127.0.0.1:61370] for POST '/session/32ee02a162a20017acab80c5d95bbf6a/element/ae5798fc-d8a0-4f5a-87b2-5b4bcd20ccfb/value'
[DEBUG] 

Request DefaultHttpRequest(decodeResult: success, version: HTTP/1.1)
POST /session/32ee02a162a20017acab80c5d95bbf6a/element/ae5798fc-d8a0-4f5a-87b2-5b4bcd20ccfb/value HTTP/1.1
User-Agent: selenium/4.2.1 (java windows)
Content-Length: 131
Content-Type: application/json; charset=utf-8
host: localhost:61370
accept: */*

Response DefaultHttpResponse(decodeResult: success, version: HTTP/1.1)
HTTP/1.1 200 OK
Content-Type: application/json; charset=utf-8
cache-control: no-cache
content-length: 14

[DEBUG] Adding key: http://localhost:61370 for channel [id: 0x52b54867, L:/127.0.0.1:56751 - R:localhost/127.0.0.1:61370]
[DEBUG] Using pooled Channel '[id: 0x52b54867, L:/127.0.0.1:56751 - R:localhost/127.0.0.1:61370]' for 'POST' to 'http://localhost:61370/session/32ee02a162a20017acab80c5d95bbf6a/element'
[DEBUG] Using open Channel [id: 0x52b54867, L:/127.0.0.1:56751 - R:localhost/127.0.0.1:61370] for POST '/session/32ee02a162a20017acab80c5d95bbf6a/element'
[DEBUG] 

Request DefaultHttpRequest(decodeResult: success, version: HTTP/1.1)
POST /session/32ee02a162a20017acab80c5d95bbf6a/element HTTP/1.1
User-Agent: selenium/4.2.1 (java windows)
Content-Length: 58
Content-Type: application/json; charset=utf-8
host: localhost:61370
accept: */*

Response DefaultHttpResponse(decodeResult: success, version: HTTP/1.1)
HTTP/1.1 200 OK
Content-Type: application/json; charset=utf-8
cache-control: no-cache
content-length: 88

[DEBUG] Adding key: http://localhost:61370 for channel [id: 0x52b54867, L:/127.0.0.1:56751 - R:localhost/127.0.0.1:61370]
[DEBUG] Using pooled Channel '[id: 0x52b54867, L:/127.0.0.1:56751 - R:localhost/127.0.0.1:61370]' for 'POST' to 'http://localhost:61370/session/32ee02a162a20017acab80c5d95bbf6a/element/25baa587-52f6-43e1-8dd5-fa20c17398d6/click'
[DEBUG] Using open Channel [id: 0x52b54867, L:/127.0.0.1:56751 - R:localhost/127.0.0.1:61370] for POST '/session/32ee02a162a20017acab80c5d95bbf6a/element/25baa587-52f6-43e1-8dd5-fa20c17398d6/click'
[DEBUG] 

Request DefaultHttpRequest(decodeResult: success, version: HTTP/1.1)
POST /session/32ee02a162a20017acab80c5d95bbf6a/element/25baa587-52f6-43e1-8dd5-fa20c17398d6/click HTTP/1.1
User-Agent: selenium/4.2.1 (java windows)
Content-Length: 50
Content-Type: application/json; charset=utf-8
host: localhost:61370
accept: */*

Response DefaultHttpResponse(decodeResult: success, version: HTTP/1.1)
HTTP/1.1 200 OK
Content-Type: application/json; charset=utf-8
cache-control: no-cache
content-length: 14

[DEBUG] Adding key: http://localhost:61370 for channel [id: 0x52b54867, L:/127.0.0.1:56751 - R:localhost/127.0.0.1:61370]
[DEBUG] Using pooled Channel '[id: 0x52b54867, L:/127.0.0.1:56751 - R:localhost/127.0.0.1:61370]' for 'POST' to 'http://localhost:61370/session/32ee02a162a20017acab80c5d95bbf6a/element'
[DEBUG] Using open Channel [id: 0x52b54867, L:/127.0.0.1:56751 - R:localhost/127.0.0.1:61370] for POST '/session/32ee02a162a20017acab80c5d95bbf6a/element'
[DEBUG] 

Request DefaultHttpRequest(decodeResult: success, version: HTTP/1.1)
POST /session/32ee02a162a20017acab80c5d95bbf6a/element HTTP/1.1
User-Agent: selenium/4.2.1 (java windows)
Content-Length: 73
Content-Type: application/json; charset=utf-8
host: localhost:61370
accept: */*

Response DefaultHttpResponse(decodeResult: success, version: HTTP/1.1)
HTTP/1.1 200 OK
Content-Type: application/json; charset=utf-8
cache-control: no-cache
content-length: 88

[DEBUG] Adding key: http://localhost:61370 for channel [id: 0x52b54867, L:/127.0.0.1:56751 - R:localhost/127.0.0.1:61370]
[DEBUG] Using pooled Channel '[id: 0x52b54867, L:/127.0.0.1:56751 - R:localhost/127.0.0.1:61370]' for 'POST' to 'http://localhost:61370/session/32ee02a162a20017acab80c5d95bbf6a/element/392caecc-1e5a-4966-9159-50591ca0af72/value'
[DEBUG] Using open Channel [id: 0x52b54867, L:/127.0.0.1:56751 - R:localhost/127.0.0.1:61370] for POST '/session/32ee02a162a20017acab80c5d95bbf6a/element/392caecc-1e5a-4966-9159-50591ca0af72/value'
[DEBUG] 

Request DefaultHttpRequest(decodeResult: success, version: HTTP/1.1)
POST /session/32ee02a162a20017acab80c5d95bbf6a/element/392caecc-1e5a-4966-9159-50591ca0af72/value HTTP/1.1
User-Agent: selenium/4.2.1 (java windows)
Content-Length: 191
Content-Type: application/json; charset=utf-8
host: localhost:61370
accept: */*

Response DefaultHttpResponse(decodeResult: success, version: HTTP/1.1)
HTTP/1.1 200 OK
Content-Type: application/json; charset=utf-8
cache-control: no-cache
content-length: 14

[DEBUG] Adding key: http://localhost:61370 for channel [id: 0x52b54867, L:/127.0.0.1:56751 - R:localhost/127.0.0.1:61370]
[DEBUG] Using pooled Channel '[id: 0x52b54867, L:/127.0.0.1:56751 - R:localhost/127.0.0.1:61370]' for 'POST' to 'http://localhost:61370/session/32ee02a162a20017acab80c5d95bbf6a/element'
[DEBUG] Using open Channel [id: 0x52b54867, L:/127.0.0.1:56751 - R:localhost/127.0.0.1:61370] for POST '/session/32ee02a162a20017acab80c5d95bbf6a/element'
[DEBUG] 

Request DefaultHttpRequest(decodeResult: success, version: HTTP/1.1)
POST /session/32ee02a162a20017acab80c5d95bbf6a/element HTTP/1.1
User-Agent: selenium/4.2.1 (java windows)
Content-Length: 69
Content-Type: application/json; charset=utf-8
host: localhost:61370
accept: */*

Response DefaultHttpResponse(decodeResult: success, version: HTTP/1.1)
HTTP/1.1 200 OK
Content-Type: application/json; charset=utf-8
cache-control: no-cache
content-length: 88

[DEBUG] Adding key: http://localhost:61370 for channel [id: 0x52b54867, L:/127.0.0.1:56751 - R:localhost/127.0.0.1:61370]
[DEBUG] Using pooled Channel '[id: 0x52b54867, L:/127.0.0.1:56751 - R:localhost/127.0.0.1:61370]' for 'POST' to 'http://localhost:61370/session/32ee02a162a20017acab80c5d95bbf6a/element/a2d47ed6-f466-4027-a560-6549f5fa0476/value'
[DEBUG] Using open Channel [id: 0x52b54867, L:/127.0.0.1:56751 - R:localhost/127.0.0.1:61370] for POST '/session/32ee02a162a20017acab80c5d95bbf6a/element/a2d47ed6-f466-4027-a560-6549f5fa0476/value'
[DEBUG] 

Request DefaultHttpRequest(decodeResult: success, version: HTTP/1.1)
POST /session/32ee02a162a20017acab80c5d95bbf6a/element/a2d47ed6-f466-4027-a560-6549f5fa0476/value HTTP/1.1
User-Agent: selenium/4.2.1 (java windows)
Content-Length: 181
Content-Type: application/json; charset=utf-8
host: localhost:61370
accept: */*

Response DefaultHttpResponse(decodeResult: success, version: HTTP/1.1)
HTTP/1.1 200 OK
Content-Type: application/json; charset=utf-8
cache-control: no-cache
content-length: 14

[DEBUG] Adding key: http://localhost:61370 for channel [id: 0x52b54867, L:/127.0.0.1:56751 - R:localhost/127.0.0.1:61370]
[DEBUG] Using pooled Channel '[id: 0x52b54867, L:/127.0.0.1:56751 - R:localhost/127.0.0.1:61370]' for 'POST' to 'http://localhost:61370/session/32ee02a162a20017acab80c5d95bbf6a/element'
[DEBUG] Using open Channel [id: 0x52b54867, L:/127.0.0.1:56751 - R:localhost/127.0.0.1:61370] for POST '/session/32ee02a162a20017acab80c5d95bbf6a/element'
[DEBUG] 

Request DefaultHttpRequest(decodeResult: success, version: HTTP/1.1)
POST /session/32ee02a162a20017acab80c5d95bbf6a/element HTTP/1.1
User-Agent: selenium/4.2.1 (java windows)
Content-Length: 77
Content-Type: application/json; charset=utf-8
host: localhost:61370
accept: */*

Response DefaultHttpResponse(decodeResult: success, version: HTTP/1.1)
HTTP/1.1 200 OK
Content-Type: application/json; charset=utf-8
cache-control: no-cache
content-length: 88

[DEBUG] Adding key: http://localhost:61370 for channel [id: 0x52b54867, L:/127.0.0.1:56751 - R:localhost/127.0.0.1:61370]
[DEBUG] Using pooled Channel '[id: 0x52b54867, L:/127.0.0.1:56751 - R:localhost/127.0.0.1:61370]' for 'POST' to 'http://localhost:61370/session/32ee02a162a20017acab80c5d95bbf6a/element/5533d289-3c38-473b-8c73-49f6d2e2a71a/value'
[DEBUG] Using open Channel [id: 0x52b54867, L:/127.0.0.1:56751 - R:localhost/127.0.0.1:61370] for POST '/session/32ee02a162a20017acab80c5d95bbf6a/element/5533d289-3c38-473b-8c73-49f6d2e2a71a/value'
[DEBUG] 

Request DefaultHttpRequest(decodeResult: success, version: HTTP/1.1)
POST /session/32ee02a162a20017acab80c5d95bbf6a/element/5533d289-3c38-473b-8c73-49f6d2e2a71a/value HTTP/1.1
User-Agent: selenium/4.2.1 (java windows)
Content-Length: 211
Content-Type: application/json; charset=utf-8
host: localhost:61370
accept: */*

Response DefaultHttpResponse(decodeResult: success, version: HTTP/1.1)
HTTP/1.1 200 OK
Content-Type: application/json; charset=utf-8
cache-control: no-cache
content-length: 14

[DEBUG] Adding key: http://localhost:61370 for channel [id: 0x52b54867, L:/127.0.0.1:56751 - R:localhost/127.0.0.1:61370]
[DEBUG] Using pooled Channel '[id: 0x52b54867, L:/127.0.0.1:56751 - R:localhost/127.0.0.1:61370]' for 'POST' to 'http://localhost:61370/session/32ee02a162a20017acab80c5d95bbf6a/element'
[DEBUG] Using open Channel [id: 0x52b54867, L:/127.0.0.1:56751 - R:localhost/127.0.0.1:61370] for POST '/session/32ee02a162a20017acab80c5d95bbf6a/element'
[DEBUG] 

Request DefaultHttpRequest(decodeResult: success, version: HTTP/1.1)
POST /session/32ee02a162a20017acab80c5d95bbf6a/element HTTP/1.1
User-Agent: selenium/4.2.1 (java windows)
Content-Length: 66
Content-Type: application/json; charset=utf-8
host: localhost:61370
accept: */*

Response DefaultHttpResponse(decodeResult: success, version: HTTP/1.1)
HTTP/1.1 200 OK
Content-Type: application/json; charset=utf-8
cache-control: no-cache
content-length: 88

[DEBUG] Adding key: http://localhost:61370 for channel [id: 0x52b54867, L:/127.0.0.1:56751 - R:localhost/127.0.0.1:61370]
[DEBUG] Using pooled Channel '[id: 0x52b54867, L:/127.0.0.1:56751 - R:localhost/127.0.0.1:61370]' for 'GET' to 'http://localhost:61370/session/32ee02a162a20017acab80c5d95bbf6a/element/89fd2477-ecbe-4387-94eb-a2aa11db6de2/name'
[DEBUG] Using open Channel [id: 0x52b54867, L:/127.0.0.1:56751 - R:localhost/127.0.0.1:61370] for GET '/session/32ee02a162a20017acab80c5d95bbf6a/element/89fd2477-ecbe-4387-94eb-a2aa11db6de2/name'
[DEBUG] 

Request DefaultFullHttpRequest(decodeResult: success, version: HTTP/1.1, content: EmptyByteBufBE)
GET /session/32ee02a162a20017acab80c5d95bbf6a/element/89fd2477-ecbe-4387-94eb-a2aa11db6de2/name HTTP/1.1
User-Agent: selenium/4.2.1 (java windows)
Cache-Control: no-cache
Content-Type: application/json; charset=utf-8
host: localhost:61370
accept: */*

Response DefaultHttpResponse(decodeResult: success, version: HTTP/1.1)
HTTP/1.1 200 OK
Content-Type: application/json; charset=utf-8
cache-control: no-cache
content-length: 18

[DEBUG] Adding key: http://localhost:61370 for channel [id: 0x52b54867, L:/127.0.0.1:56751 - R:localhost/127.0.0.1:61370]
[DEBUG] Using pooled Channel '[id: 0x52b54867, L:/127.0.0.1:56751 - R:localhost/127.0.0.1:61370]' for 'POST' to 'http://localhost:61370/session/32ee02a162a20017acab80c5d95bbf6a/element'
[DEBUG] Using open Channel [id: 0x52b54867, L:/127.0.0.1:56751 - R:localhost/127.0.0.1:61370] for POST '/session/32ee02a162a20017acab80c5d95bbf6a/element'
[DEBUG] 

Request DefaultHttpRequest(decodeResult: success, version: HTTP/1.1)
POST /session/32ee02a162a20017acab80c5d95bbf6a/element HTTP/1.1
User-Agent: selenium/4.2.1 (java windows)
Content-Length: 66
Content-Type: application/json; charset=utf-8
host: localhost:61370
accept: */*

Response DefaultHttpResponse(decodeResult: success, version: HTTP/1.1)
HTTP/1.1 200 OK
Content-Type: application/json; charset=utf-8
cache-control: no-cache
content-length: 88

[DEBUG] Adding key: http://localhost:61370 for channel [id: 0x52b54867, L:/127.0.0.1:56751 - R:localhost/127.0.0.1:61370]
[DEBUG] Using pooled Channel '[id: 0x52b54867, L:/127.0.0.1:56751 - R:localhost/127.0.0.1:61370]' for 'GET' to 'http://localhost:61370/session/32ee02a162a20017acab80c5d95bbf6a/element/89fd2477-ecbe-4387-94eb-a2aa11db6de2/attribute/multiple'
[DEBUG] Using open Channel [id: 0x52b54867, L:/127.0.0.1:56751 - R:localhost/127.0.0.1:61370] for GET '/session/32ee02a162a20017acab80c5d95bbf6a/element/89fd2477-ecbe-4387-94eb-a2aa11db6de2/attribute/multiple'
[DEBUG] 

Request DefaultFullHttpRequest(decodeResult: success, version: HTTP/1.1, content: EmptyByteBufBE)
GET /session/32ee02a162a20017acab80c5d95bbf6a/element/89fd2477-ecbe-4387-94eb-a2aa11db6de2/attribute/multiple HTTP/1.1
User-Agent: selenium/4.2.1 (java windows)
Cache-Control: no-cache
Content-Type: application/json; charset=utf-8
host: localhost:61370
accept: */*

Response DefaultHttpResponse(decodeResult: success, version: HTTP/1.1)
HTTP/1.1 200 OK
Content-Type: application/json; charset=utf-8
cache-control: no-cache
content-length: 14

[DEBUG] Adding key: http://localhost:61370 for channel [id: 0x52b54867, L:/127.0.0.1:56751 - R:localhost/127.0.0.1:61370]
[DEBUG] Using pooled Channel '[id: 0x52b54867, L:/127.0.0.1:56751 - R:localhost/127.0.0.1:61370]' for 'POST' to 'http://localhost:61370/session/32ee02a162a20017acab80c5d95bbf6a/element'
[DEBUG] Using open Channel [id: 0x52b54867, L:/127.0.0.1:56751 - R:localhost/127.0.0.1:61370] for POST '/session/32ee02a162a20017acab80c5d95bbf6a/element'
[DEBUG] 

Request DefaultHttpRequest(decodeResult: success, version: HTTP/1.1)
POST /session/32ee02a162a20017acab80c5d95bbf6a/element HTTP/1.1
User-Agent: selenium/4.2.1 (java windows)
Content-Length: 66
Content-Type: application/json; charset=utf-8
host: localhost:61370
accept: */*

Response DefaultHttpResponse(decodeResult: success, version: HTTP/1.1)
HTTP/1.1 200 OK
Content-Type: application/json; charset=utf-8
cache-control: no-cache
content-length: 88

[DEBUG] Adding key: http://localhost:61370 for channel [id: 0x52b54867, L:/127.0.0.1:56751 - R:localhost/127.0.0.1:61370]
[DEBUG] Using pooled Channel '[id: 0x52b54867, L:/127.0.0.1:56751 - R:localhost/127.0.0.1:61370]' for 'POST' to 'http://localhost:61370/session/32ee02a162a20017acab80c5d95bbf6a/element/89fd2477-ecbe-4387-94eb-a2aa11db6de2/elements'
[DEBUG] Using open Channel [id: 0x52b54867, L:/127.0.0.1:56751 - R:localhost/127.0.0.1:61370] for POST '/session/32ee02a162a20017acab80c5d95bbf6a/element/89fd2477-ecbe-4387-94eb-a2aa11db6de2/elements'
[DEBUG] 

Request DefaultHttpRequest(decodeResult: success, version: HTTP/1.1)
POST /session/32ee02a162a20017acab80c5d95bbf6a/element/89fd2477-ecbe-4387-94eb-a2aa11db6de2/elements HTTP/1.1
User-Agent: selenium/4.2.1 (java windows)
Content-Length: 139
Content-Type: application/json; charset=utf-8
host: localhost:61370
accept: */*

Response DefaultHttpResponse(decodeResult: success, version: HTTP/1.1)
HTTP/1.1 200 OK
Content-Type: application/json; charset=utf-8
cache-control: no-cache
content-length: 90

[DEBUG] Adding key: http://localhost:61370 for channel [id: 0x52b54867, L:/127.0.0.1:56751 - R:localhost/127.0.0.1:61370]
[DEBUG] Using pooled Channel '[id: 0x52b54867, L:/127.0.0.1:56751 - R:localhost/127.0.0.1:61370]' for 'GET' to 'http://localhost:61370/session/32ee02a162a20017acab80c5d95bbf6a/element/e7d59e24-406b-4118-a80f-f7da747adae3/selected'
[DEBUG] Using open Channel [id: 0x52b54867, L:/127.0.0.1:56751 - R:localhost/127.0.0.1:61370] for GET '/session/32ee02a162a20017acab80c5d95bbf6a/element/e7d59e24-406b-4118-a80f-f7da747adae3/selected'
[DEBUG] 

Request DefaultFullHttpRequest(decodeResult: success, version: HTTP/1.1, content: EmptyByteBufBE)
GET /session/32ee02a162a20017acab80c5d95bbf6a/element/e7d59e24-406b-4118-a80f-f7da747adae3/selected HTTP/1.1
User-Agent: selenium/4.2.1 (java windows)
Cache-Control: no-cache
Content-Type: application/json; charset=utf-8
host: localhost:61370
accept: */*

Response DefaultHttpResponse(decodeResult: success, version: HTTP/1.1)
HTTP/1.1 200 OK
Content-Type: application/json; charset=utf-8
cache-control: no-cache
content-length: 15

[DEBUG] Adding key: http://localhost:61370 for channel [id: 0x52b54867, L:/127.0.0.1:56751 - R:localhost/127.0.0.1:61370]
[DEBUG] Using pooled Channel '[id: 0x52b54867, L:/127.0.0.1:56751 - R:localhost/127.0.0.1:61370]' for 'POST' to 'http://localhost:61370/session/32ee02a162a20017acab80c5d95bbf6a/element/e7d59e24-406b-4118-a80f-f7da747adae3/click'
[DEBUG] Using open Channel [id: 0x52b54867, L:/127.0.0.1:56751 - R:localhost/127.0.0.1:61370] for POST '/session/32ee02a162a20017acab80c5d95bbf6a/element/e7d59e24-406b-4118-a80f-f7da747adae3/click'
[DEBUG] 

Request DefaultHttpRequest(decodeResult: success, version: HTTP/1.1)
POST /session/32ee02a162a20017acab80c5d95bbf6a/element/e7d59e24-406b-4118-a80f-f7da747adae3/click HTTP/1.1
User-Agent: selenium/4.2.1 (java windows)
Content-Length: 50
Content-Type: application/json; charset=utf-8
host: localhost:61370
accept: */*

Response DefaultHttpResponse(decodeResult: success, version: HTTP/1.1)
HTTP/1.1 200 OK
Content-Type: application/json; charset=utf-8
cache-control: no-cache
content-length: 14

[DEBUG] Adding key: http://localhost:61370 for channel [id: 0x52b54867, L:/127.0.0.1:56751 - R:localhost/127.0.0.1:61370]
[INFO ] 2022-08-16 10:16:22.580 [TestNG-test=Surefire test-1] StepDef - customer information entered
[DEBUG] Using pooled Channel '[id: 0x52b54867, L:/127.0.0.1:56751 - R:localhost/127.0.0.1:61370]' for 'POST' to 'http://localhost:61370/session/32ee02a162a20017acab80c5d95bbf6a/element'
[DEBUG] Using open Channel [id: 0x52b54867, L:/127.0.0.1:56751 - R:localhost/127.0.0.1:61370] for POST '/session/32ee02a162a20017acab80c5d95bbf6a/element'
[DEBUG] 

Request DefaultHttpRequest(decodeResult: success, version: HTTP/1.1)
POST /session/32ee02a162a20017acab80c5d95bbf6a/element HTTP/1.1
User-Agent: selenium/4.2.1 (java windows)
Content-Length: 69
Content-Type: application/json; charset=utf-8
host: localhost:61370
accept: */*

Response DefaultHttpResponse(decodeResult: success, version: HTTP/1.1)
HTTP/1.1 200 OK
Content-Type: application/json; charset=utf-8
cache-control: no-cache
content-length: 88

[DEBUG] Adding key: http://localhost:61370 for channel [id: 0x52b54867, L:/127.0.0.1:56751 - R:localhost/127.0.0.1:61370]
[DEBUG] Using pooled Channel '[id: 0x52b54867, L:/127.0.0.1:56751 - R:localhost/127.0.0.1:61370]' for 'POST' to 'http://localhost:61370/session/32ee02a162a20017acab80c5d95bbf6a/element/8d35c65a-217f-4930-9e78-85887c2c12da/click'
[DEBUG] Using open Channel [id: 0x52b54867, L:/127.0.0.1:56751 - R:localhost/127.0.0.1:61370] for POST '/session/32ee02a162a20017acab80c5d95bbf6a/element/8d35c65a-217f-4930-9e78-85887c2c12da/click'
[DEBUG] Entry count for : http://localhost:56753 : 1
[DEBUG] Entry count for : http://localhost:56753 : 1
[DEBUG] 

Request DefaultHttpRequest(decodeResult: success, version: HTTP/1.1)
POST /session/32ee02a162a20017acab80c5d95bbf6a/element/8d35c65a-217f-4930-9e78-85887c2c12da/click HTTP/1.1
User-Agent: selenium/4.2.1 (java windows)
Content-Length: 50
Content-Type: application/json; charset=utf-8
host: localhost:61370
accept: */*

Response DefaultHttpResponse(decodeResult: success, version: HTTP/1.1)
HTTP/1.1 200 OK
Content-Type: application/json; charset=utf-8
cache-control: no-cache
content-length: 14

[DEBUG] Adding key: http://localhost:61370 for channel [id: 0x52b54867, L:/127.0.0.1:56751 - R:localhost/127.0.0.1:61370]
[INFO ] 2022-08-16 10:16:24.562 [TestNG-test=Surefire test-1] StepDef - clicked on save button
[DEBUG] Using pooled Channel '[id: 0x52b54867, L:/127.0.0.1:56751 - R:localhost/127.0.0.1:61370]' for 'POST' to 'http://localhost:61370/session/32ee02a162a20017acab80c5d95bbf6a/element'
[DEBUG] Using open Channel [id: 0x52b54867, L:/127.0.0.1:56751 - R:localhost/127.0.0.1:61370] for POST '/session/32ee02a162a20017acab80c5d95bbf6a/element'
[DEBUG] 

Request DefaultHttpRequest(decodeResult: success, version: HTTP/1.1)
POST /session/32ee02a162a20017acab80c5d95bbf6a/element HTTP/1.1
User-Agent: selenium/4.2.1 (java windows)
Content-Length: 44
Content-Type: application/json; charset=utf-8
host: localhost:61370
accept: */*

Response DefaultHttpResponse(decodeResult: success, version: HTTP/1.1)
HTTP/1.1 200 OK
Content-Type: application/json; charset=utf-8
cache-control: no-cache
content-length: 88

[DEBUG] Adding key: http://localhost:61370 for channel [id: 0x52b54867, L:/127.0.0.1:56751 - R:localhost/127.0.0.1:61370]
[DEBUG] Using pooled Channel '[id: 0x52b54867, L:/127.0.0.1:56751 - R:localhost/127.0.0.1:61370]' for 'GET' to 'http://localhost:61370/session/32ee02a162a20017acab80c5d95bbf6a/element/a10d83ce-9880-4d55-bdca-babae8324b49/text'
[DEBUG] Using open Channel [id: 0x52b54867, L:/127.0.0.1:56751 - R:localhost/127.0.0.1:61370] for GET '/session/32ee02a162a20017acab80c5d95bbf6a/element/a10d83ce-9880-4d55-bdca-babae8324b49/text'
[DEBUG] 

Request DefaultFullHttpRequest(decodeResult: success, version: HTTP/1.1, content: EmptyByteBufBE)
GET /session/32ee02a162a20017acab80c5d95bbf6a/element/a10d83ce-9880-4d55-bdca-babae8324b49/text HTTP/1.1
User-Agent: selenium/4.2.1 (java windows)
Cache-Control: no-cache
Content-Type: application/json; charset=utf-8
host: localhost:61370
accept: */*

Response DefaultHttpResponse(decodeResult: success, version: HTTP/1.1)
HTTP/1.1 200 OK
Content-Type: application/json; charset=utf-8
cache-control: no-cache
content-length: 801

[DEBUG] Adding key: http://localhost:61370 for channel [id: 0x52b54867, L:/127.0.0.1:56751 - R:localhost/127.0.0.1:61370]
[INFO ] 2022-08-16 10:16:24.727 [TestNG-test=Surefire test-1] StepDef - User can view confirmation message - passed
[DEBUG] Using pooled Channel '[id: 0x52b54867, L:/127.0.0.1:56751 - R:localhost/127.0.0.1:61370]' for 'DELETE' to 'http://localhost:61370/session/32ee02a162a20017acab80c5d95bbf6a/window'
[DEBUG] Using open Channel [id: 0x52b54867, L:/127.0.0.1:56751 - R:localhost/127.0.0.1:61370] for DELETE '/session/32ee02a162a20017acab80c5d95bbf6a/window'
[DEBUG] Unexpected I/O exception on channel [id: 0x241f6b3d, L:/127.0.0.1:56769 - R:localhost/127.0.0.1:56753]
java.io.IOException: An existing connection was forcibly closed by the remote host
	at sun.nio.ch.SocketDispatcher.read0(Native Method) ~[na:1.8.0_341]
	at sun.nio.ch.SocketDispatcher.read(Unknown Source) ~[na:1.8.0_341]
	at sun.nio.ch.IOUtil.readIntoNativeBuffer(Unknown Source) ~[na:1.8.0_341]
	at sun.nio.ch.IOUtil.read(Unknown Source) ~[na:1.8.0_341]
	at sun.nio.ch.SocketChannelImpl.read(Unknown Source) ~[na:1.8.0_341]
	at io.netty.buffer.PooledByteBuf.setBytes(PooledByteBuf.java:258) ~[netty-buffer-4.1.77.Final.jar:4.1.77.Final]
	at io.netty.buffer.AbstractByteBuf.writeBytes(AbstractByteBuf.java:1132) ~[netty-buffer-4.1.77.Final.jar:4.1.77.Final]
	at io.netty.channel.socket.nio.NioSocketChannel.doReadBytes(NioSocketChannel.java:357) ~[netty-transport-4.1.77.Final.jar:4.1.77.Final]
	at io.netty.channel.nio.AbstractNioByteChannel$NioByteUnsafe.read(AbstractNioByteChannel.java:151) ~[netty-transport-4.1.77.Final.jar:4.1.77.Final]
	at io.netty.channel.nio.NioEventLoop.processSelectedKey(NioEventLoop.java:722) [netty-transport-4.1.77.Final.jar:4.1.77.Final]
	at io.netty.channel.nio.NioEventLoop.processSelectedKeysOptimized(NioEventLoop.java:658) [netty-transport-4.1.77.Final.jar:4.1.77.Final]
	at io.netty.channel.nio.NioEventLoop.processSelectedKeys(NioEventLoop.java:584) [netty-transport-4.1.77.Final.jar:4.1.77.Final]
	at io.netty.channel.nio.NioEventLoop.run(NioEventLoop.java:496) [netty-transport-4.1.77.Final.jar:4.1.77.Final]
	at io.netty.util.concurrent.SingleThreadEventExecutor$4.run(SingleThreadEventExecutor.java:995) [netty-common-4.1.77.Final.jar:4.1.77.Final]
	at io.netty.util.internal.ThreadExecutorMap$2.run(ThreadExecutorMap.java:74) [netty-common-4.1.77.Final.jar:4.1.77.Final]
	at io.netty.util.concurrent.FastThreadLocalRunnable.run(FastThreadLocalRunnable.java:30) [netty-common-4.1.77.Final.jar:4.1.77.Final]
	at java.lang.Thread.run(Unknown Source) [na:1.8.0_341]
[DEBUG] Unexpected I/O exception on channel [id: 0x464c2dd2, L:/127.0.0.1:56768 - R:localhost/127.0.0.1:56753]
java.io.IOException: An existing connection was forcibly closed by the remote host
	at sun.nio.ch.SocketDispatcher.read0(Native Method) ~[na:1.8.0_341]
	at sun.nio.ch.SocketDispatcher.read(Unknown Source) ~[na:1.8.0_341]
	at sun.nio.ch.IOUtil.readIntoNativeBuffer(Unknown Source) ~[na:1.8.0_341]
	at sun.nio.ch.IOUtil.read(Unknown Source) ~[na:1.8.0_341]
	at sun.nio.ch.SocketChannelImpl.read(Unknown Source) ~[na:1.8.0_341]
	at io.netty.buffer.PooledByteBuf.setBytes(PooledByteBuf.java:258) ~[netty-buffer-4.1.77.Final.jar:4.1.77.Final]
	at io.netty.buffer.AbstractByteBuf.writeBytes(AbstractByteBuf.java:1132) ~[netty-buffer-4.1.77.Final.jar:4.1.77.Final]
	at io.netty.channel.socket.nio.NioSocketChannel.doReadBytes(NioSocketChannel.java:357) ~[netty-transport-4.1.77.Final.jar:4.1.77.Final]
	at io.netty.channel.nio.AbstractNioByteChannel$NioByteUnsafe.read(AbstractNioByteChannel.java:151) ~[netty-transport-4.1.77.Final.jar:4.1.77.Final]
	at io.netty.channel.nio.NioEventLoop.processSelectedKey(NioEventLoop.java:722) [netty-transport-4.1.77.Final.jar:4.1.77.Final]
	at io.netty.channel.nio.NioEventLoop.processSelectedKeysOptimized(NioEventLoop.java:658) [netty-transport-4.1.77.Final.jar:4.1.77.Final]
	at io.netty.channel.nio.NioEventLoop.processSelectedKeys(NioEventLoop.java:584) [netty-transport-4.1.77.Final.jar:4.1.77.Final]
	at io.netty.channel.nio.NioEventLoop.run(NioEventLoop.java:496) [netty-transport-4.1.77.Final.jar:4.1.77.Final]
	at io.netty.util.concurrent.SingleThreadEventExecutor$4.run(SingleThreadEventExecutor.java:995) [netty-common-4.1.77.Final.jar:4.1.77.Final]
	at io.netty.util.internal.ThreadExecutorMap$2.run(ThreadExecutorMap.java:74) [netty-common-4.1.77.Final.jar:4.1.77.Final]
	at io.netty.util.concurrent.FastThreadLocalRunnable.run(FastThreadLocalRunnable.java:30) [netty-common-4.1.77.Final.jar:4.1.77.Final]
	at java.lang.Thread.run(Unknown Source) [na:1.8.0_341]
[DEBUG] Closing Channel [id: 0x464c2dd2, L:/127.0.0.1:56768 - R:localhost/127.0.0.1:56753] 
[DEBUG] Trying to recover from dead Channel: [id: 0x241f6b3d, L:/127.0.0.1:56769 - R:localhost/127.0.0.1:56753]
[DEBUG] Channel Closed: [id: 0x241f6b3d, L:/127.0.0.1:56769 ! R:localhost/127.0.0.1:56753] with attribute NettyResponseFuture{currentRetry=0,
	isDone=1,
	isCancelled=0,
	asyncHandler=org.asynchttpclient.ws.WebSocketUpgradeHandler@cc8953,
	nettyRequest=org.asynchttpclient.netty.request.NettyRequest@11c38af,
	future=java.util.concurrent.CompletableFuture@12b6afe[Completed normally],
	uri=ws://localhost:56753/devtools/browser/20718b9b-0361-444b-8c40-2e9f4e749502,
	keepAlive=true,
	redirectCount=0,
	timeoutsHolder=null,
	inAuth=0,
	touch=1660625184833}
[DEBUG] Closing Channel [id: 0x241f6b3d, L:/127.0.0.1:56769 ! R:localhost/127.0.0.1:56753] 
[DEBUG] Channel Closed: [id: 0x464c2dd2, L:/127.0.0.1:56768 ! R:localhost/127.0.0.1:56753] with attribute DISCARD
[DEBUG] 

Request DefaultFullHttpRequest(decodeResult: success, version: HTTP/1.1, content: EmptyByteBufBE)
DELETE /session/32ee02a162a20017acab80c5d95bbf6a/window HTTP/1.1
User-Agent: selenium/4.2.1 (java windows)
Content-Type: application/json; charset=utf-8
host: localhost:61370
accept: */*

Response DefaultHttpResponse(decodeResult: success, version: HTTP/1.1)
HTTP/1.1 200 OK
Content-Type: application/json; charset=utf-8
cache-control: no-cache
content-length: 12

[DEBUG] Adding key: http://localhost:61370 for channel [id: 0x52b54867, L:/127.0.0.1:56751 - R:localhost/127.0.0.1:61370]
[INFO ] 2022-08-16 10:16:24.843 [TestNG-test=Surefire test-1] StepDef - Browser closed
Tear Down method executed..
[DEBUG] Using pooled Channel '[id: 0x52b54867, L:/127.0.0.1:56751 - R:localhost/127.0.0.1:61370]' for 'DELETE' to 'http://localhost:61370/session/32ee02a162a20017acab80c5d95bbf6a'
[DEBUG] Using open Channel [id: 0x52b54867, L:/127.0.0.1:56751 - R:localhost/127.0.0.1:61370] for DELETE '/session/32ee02a162a20017acab80c5d95bbf6a'
[DEBUG] 

Request DefaultFullHttpRequest(decodeResult: success, version: HTTP/1.1, content: EmptyByteBufBE)
DELETE /session/32ee02a162a20017acab80c5d95bbf6a HTTP/1.1
User-Agent: selenium/4.2.1 (java windows)
Content-Type: application/json; charset=utf-8
host: localhost:61370
accept: */*

Response DefaultHttpResponse(decodeResult: success, version: HTTP/1.1)
HTTP/1.1 200 OK
Content-Type: application/json; charset=utf-8
cache-control: no-cache
content-length: 14

[DEBUG] Adding key: http://localhost:61370 for channel [id: 0x52b54867, L:/127.0.0.1:56751 - R:localhost/127.0.0.1:61370]
[DEBUG] Channel Closed: [id: 0x52b54867, L:/127.0.0.1:56751 ! R:localhost/127.0.0.1:61370] with attribute DISCARD
[DEBUG] Entry count for : http://localhost:61370 : 1
[DEBUG] Entry count for : http://localhost:56753 : 1
[DEBUG] Adding Candidate expired Channel [id: 0x52b54867, L:/127.0.0.1:56751 ! R:localhost/127.0.0.1:61370] isIdleTimeoutExpired=false isRemotelyClosed=true isTtlExpired=false
[DEBUG] Closing Idle Channel [id: 0x52b54867, L:/127.0.0.1:56751 ! R:localhost/127.0.0.1:61370]
[DEBUG] Adding Candidate expired Channel [id: 0x464c2dd2, L:/127.0.0.1:56768 ! R:localhost/127.0.0.1:56753] isIdleTimeoutExpired=false isRemotelyClosed=true isTtlExpired=false
[DEBUG] Closing Idle Channel [id: 0x464c2dd2, L:/127.0.0.1:56768 ! R:localhost/127.0.0.1:56753]
[DEBUG] Closed 2 connections out of 2 in 0 ms
]]></system-out>
    <system-err><![CDATA[Starting ChromeDriver 104.0.5112.79 (3cf3e8c8a07d104b9e1260c910efb8f383285dc5-refs/branch-heads/5112@{#1307}) on port 61370
Only local connections are allowed.
Please see https://chromedriver.chromium.org/security-considerations for suggestions on keeping ChromeDriver safe.
ChromeDriver was started successfully.
Aug 16, 2022 10:16:04 AM org.openqa.selenium.remote.ProtocolHandshake createSession
INFO: Detected upstream dialect: W3C
Aug 16, 2022 10:16:04 AM org.openqa.selenium.devtools.CdpVersionFinder findNearestMatch
WARNING: Unable to find an exact match for CDP version 104, so returning the closest version found: 102
[...]
accept: */*

Response DefaultHttpResponse(decodeResult: success, version: HTTP/1.1)
HTTP/1.1 200 OK
Content-Type: application/json; charset=utf-8
cache-control: no-cache
content-length: 88

[DEBUG] Adding key: http://localhost:51853 for channel [id: 0x54800ff1, L:/127.0.0.1:57775 - R:localhost/127.0.0.1:51853]
[DEBUG] Using pooled Channel '[id: 0x54800ff1, L:/127.0.0.1:57775 - R:localhost/127.0.0.1:51853]' for 'POST' to 'http://localhost:51853/session/a79992b79ef969879f7aa6a2a8b986d2/element/a53de596-42d6-4a46-aeea-9062581245c0/value'
[DEBUG] Using open Channel [id: 0x54800ff1, L:/127.0.0.1:57775 - R:localhost/127.0.0.1:51853] for POST '/session/a79992b79ef969879f7aa6a2a8b986d2/element/a53de596-42d6-4a46-aeea-9062581245c0/value'
[DEBUG] 

Request DefaultHttpRequest(decodeResult: success, version: HTTP/1.1)
POST /session/a79992b79ef969879f7aa6a2a8b986d2/element/a53de596-42d6-4a46-aeea-9062581245c0/value HTTP/1.1
User-Agent: selenium/4.2.1 (java windows)
Content-Length: 271
Content-Type: application/json; charset=utf-8
host: localhost:51853
accept: */*

Response DefaultHttpResponse(decodeResult: success, version: HTTP/1.1)
HTTP/1.1 200 OK
Content-Type: application/json; charset=utf-8
cache-control: no-cache
content-length: 14

[DEBUG] Adding key: http://localhost:51853 for channel [id: 0x54800ff1, L:/127.0.0.1:57775 - R:localhost/127.0.0.1:51853]
[DEBUG] Using pooled Channel '[id: 0x54800ff1, L:/127.0.0.1:57775 - R:localhost/127.0.0.1:51853]' for 'POST' to 'http://localhost:51853/session/a79992b79ef969879f7aa6a2a8b986d2/element'
[DEBUG] Using open Channel [id: 0x54800ff1, L:/127.0.0.1:57775 - R:localhost/127.0.0.1:51853] for POST '/session/a79992b79ef969879f7aa6a2a8b986d2/element'
[DEBUG] 

Request DefaultHttpRequest(decodeResult: success, version: HTTP/1.1)
POST /session/a79992b79ef969879f7aa6a2a8b986d2/element HTTP/1.1
User-Agent: selenium/4.2.1 (java windows)
Content-Length: 53
Content-Type: application/json; charset=utf-8
host: localhost:51853
accept: */*

Response DefaultHttpResponse(decodeResult: success, version: HTTP/1.1)
HTTP/1.1 200 OK
Content-Type: application/json; charset=utf-8
cache-control: no-cache
content-length: 88

[DEBUG] Adding key: http://localhost:51853 for channel [id: 0x54800ff1, L:/127.0.0.1:57775 - R:localhost/127.0.0.1:51853]
[DEBUG] Using pooled Channel '[id: 0x54800ff1, L:/127.0.0.1:57775 - R:localhost/127.0.0.1:51853]' for 'POST' to 'http://localhost:51853/session/a79992b79ef969879f7aa6a2a8b986d2/element/fbbafe94-8a16-43b9-9829-bf17e7c53a3d/clear'
[DEBUG] Using open Channel [id: 0x54800ff1, L:/127.0.0.1:57775 - R:localhost/127.0.0.1:51853] for POST '/session/a79992b79ef969879f7aa6a2a8b986d2/element/fbbafe94-8a16-43b9-9829-bf17e7c53a3d/clear'
[DEBUG] 

Request DefaultHttpRequest(decodeResult: success, version: HTTP/1.1)
POST /session/a79992b79ef969879f7aa6a2a8b986d2/element/fbbafe94-8a16-43b9-9829-bf17e7c53a3d/clear HTTP/1.1
User-Agent: selenium/4.2.1 (java windows)
Content-Length: 50
Content-Type: application/json; charset=utf-8
host: localhost:51853
accept: */*

Response DefaultHttpResponse(decodeResult: success, version: HTTP/1.1)
HTTP/1.1 200 OK
Content-Type: application/json; charset=utf-8
cache-control: no-cache
content-length: 14

[DEBUG] Adding key: http://localhost:51853 for channel [id: 0x54800ff1, L:/127.0.0.1:57775 - R:localhost/127.0.0.1:51853]
[DEBUG] Using pooled Channel '[id: 0x54800ff1, L:/127.0.0.1:57775 - R:localhost/127.0.0.1:51853]' for 'POST' to 'http://localhost:51853/session/a79992b79ef969879f7aa6a2a8b986d2/element'
[DEBUG] Using open Channel [id: 0x54800ff1, L:/127.0.0.1:57775 - R:localhost/127.0.0.1:51853] for POST '/session/a79992b79ef969879f7aa6a2a8b986d2/element'
[DEBUG] 

Request DefaultHttpRequest(decodeResult: success, version: HTTP/1.1)
POST /session/a79992b79ef969879f7aa6a2a8b986d2/element HTTP/1.1
User-Agent: selenium/4.2.1 (java windows)
Content-Length: 53
Content-Type: application/json; charset=utf-8
host: localhost:51853
accept: */*

Response DefaultHttpResponse(decodeResult: success, version: HTTP/1.1)
HTTP/1.1 200 OK
Content-Type: application/json; charset=utf-8
cache-control: no-cache
content-length: 88

[DEBUG] Adding key: http://localhost:51853 for channel [id: 0x54800ff1, L:/127.0.0.1:57775 - R:localhost/127.0.0.1:51853]
[DEBUG] Using pooled Channel '[id: 0x54800ff1, L:/127.0.0.1:57775 - R:localhost/127.0.0.1:51853]' for 'POST' to 'http://localhost:51853/session/a79992b79ef969879f7aa6a2a8b986d2/element/fbbafe94-8a16-43b9-9829-bf17e7c53a3d/value'
[DEBUG] Using open Channel [id: 0x54800ff1, L:/127.0.0.1:57775 - R:localhost/127.0.0.1:51853] for POST '/session/a79992b79ef969879f7aa6a2a8b986d2/element/fbbafe94-8a16-43b9-9829-bf17e7c53a3d/value'
[DEBUG] Entry count for : http://localhost:57776 : 1
[DEBUG] 

Request DefaultHttpRequest(decodeResult: success, version: HTTP/1.1)
POST /session/a79992b79ef969879f7aa6a2a8b986d2/element/fbbafe94-8a16-43b9-9829-bf17e7c53a3d/value HTTP/1.1
User-Agent: selenium/4.2.1 (java windows)
Content-Length: 131
Content-Type: application/json; charset=utf-8
host: localhost:51853
accept: */*

Response DefaultHttpResponse(decodeResult: success, version: HTTP/1.1)
HTTP/1.1 200 OK
Content-Type: application/json; charset=utf-8
cache-control: no-cache
content-length: 14

[DEBUG] Adding key: http://localhost:51853 for channel [id: 0x54800ff1, L:/127.0.0.1:57775 - R:localhost/127.0.0.1:51853]
[INFO ] 2022-08-16 10:18:41.469 [TestNG-test=Surefire test-1] StepDef - email address and password entered
[DEBUG] Using pooled Channel '[id: 0x54800ff1, L:/127.0.0.1:57775 - R:localhost/127.0.0.1:51853]' for 'POST' to 'http://localhost:51853/session/a79992b79ef969879f7aa6a2a8b986d2/element'
[DEBUG] Using open Channel [id: 0x54800ff1, L:/127.0.0.1:57775 - R:localhost/127.0.0.1:51853] for POST '/session/a79992b79ef969879f7aa6a2a8b986d2/element'
[DEBUG] 

Request DefaultHttpRequest(decodeResult: success, version: HTTP/1.1)
POST /session/a79992b79ef969879f7aa6a2a8b986d2/element HTTP/1.1
User-Agent: selenium/4.2.1 (java windows)
Content-Length: 87
Content-Type: application/json; charset=utf-8
host: localhost:51853
accept: */*

Response DefaultHttpResponse(decodeResult: success, version: HTTP/1.1)
HTTP/1.1 200 OK
Content-Type: application/json; charset=utf-8
cache-control: no-cache
content-length: 88

[DEBUG] Adding key: http://localhost:51853 for channel [id: 0x54800ff1, L:/127.0.0.1:57775 - R:localhost/127.0.0.1:51853]
[DEBUG] Using pooled Channel '[id: 0x54800ff1, L:/127.0.0.1:57775 - R:localhost/127.0.0.1:51853]' for 'POST' to 'http://localhost:51853/session/a79992b79ef969879f7aa6a2a8b986d2/element/81397e88-84b0-4075-98d1-0faf722389dd/click'
[DEBUG] Using open Channel [id: 0x54800ff1, L:/127.0.0.1:57775 - R:localhost/127.0.0.1:51853] for POST '/session/a79992b79ef969879f7aa6a2a8b986d2/element/81397e88-84b0-4075-98d1-0faf722389dd/click'
[DEBUG] Entry count for : http://localhost:57776 : 1
[DEBUG] Entry count for : http://localhost:57776 : 1
[DEBUG] Entry count for : http://localhost:57776 : 1
[DEBUG] 

Request DefaultHttpRequest(decodeResult: success, version: HTTP/1.1)
POST /session/a79992b79ef969879f7aa6a2a8b986d2/element/81397e88-84b0-4075-98d1-0faf722389dd/click HTTP/1.1
User-Agent: selenium/4.2.1 (java windows)
Content-Length: 50
Content-Type: application/json; charset=utf-8
host: localhost:51853
accept: */*

Response DefaultHttpResponse(decodeResult: success, version: HTTP/1.1)
HTTP/1.1 200 OK
Content-Type: application/json; charset=utf-8
cache-control: no-cache
content-length: 14

[DEBUG] Adding key: http://localhost:51853 for channel [id: 0x54800ff1, L:/127.0.0.1:57775 - R:localhost/127.0.0.1:51853]
[INFO ] 2022-08-16 10:18:45.579 [TestNG-test=Surefire test-1] StepDef - Clicked on login button
[DEBUG] Using pooled Channel '[id: 0x54800ff1, L:/127.0.0.1:57775 - R:localhost/127.0.0.1:51853]' for 'GET' to 'http://localhost:51853/session/a79992b79ef969879f7aa6a2a8b986d2/title'
[DEBUG] Using open Channel [id: 0x54800ff1, L:/127.0.0.1:57775 - R:localhost/127.0.0.1:51853] for GET '/session/a79992b79ef969879f7aa6a2a8b986d2/title'
[DEBUG] 

Request DefaultFullHttpRequest(decodeResult: success, version: HTTP/1.1, content: EmptyByteBufBE)
GET /session/a79992b79ef969879f7aa6a2a8b986d2/title HTTP/1.1
User-Agent: selenium/4.2.1 (java windows)
Cache-Control: no-cache
Content-Type: application/json; charset=utf-8
host: localhost:51853
accept: */*

Response DefaultHttpResponse(decodeResult: success, version: HTTP/1.1)
HTTP/1.1 200 OK
Content-Type: application/json; charset=utf-8
cache-control: no-cache
content-length: 50

[DEBUG] Adding key: http://localhost:51853 for channel [id: 0x54800ff1, L:/127.0.0.1:57775 - R:localhost/127.0.0.1:51853]
[WARN ] 2022-08-16 10:18:45.583 [TestNG-test=Surefire test-1] StepDef - Test passed: Login feature :Page title matched.
[DEBUG] Using pooled Channel '[id: 0x54800ff1, L:/127.0.0.1:57775 - R:localhost/127.0.0.1:51853]' for 'POST' to 'http://localhost:51853/session/a79992b79ef969879f7aa6a2a8b986d2/element'
[DEBUG] Using open Channel [id: 0x54800ff1, L:/127.0.0.1:57775 - R:localhost/127.0.0.1:51853] for POST '/session/a79992b79ef969879f7aa6a2a8b986d2/element'
[DEBUG] 

Request DefaultHttpRequest(decodeResult: success, version: HTTP/1.1)
POST /session/a79992b79ef969879f7aa6a2a8b986d2/element HTTP/1.1
User-Agent: selenium/4.2.1 (java windows)
Content-Length: 47
Content-Type: application/json; charset=utf-8
host: localhost:51853
accept: */*

Response DefaultHttpResponse(decodeResult: success, version: HTTP/1.1)
HTTP/1.1 200 OK
Content-Type: application/json; charset=utf-8
cache-control: no-cache
content-length: 88

[DEBUG] Adding key: http://localhost:51853 for channel [id: 0x54800ff1, L:/127.0.0.1:57775 - R:localhost/127.0.0.1:51853]
[DEBUG] Using pooled Channel '[id: 0x54800ff1, L:/127.0.0.1:57775 - R:localhost/127.0.0.1:51853]' for 'POST' to 'http://localhost:51853/session/a79992b79ef969879f7aa6a2a8b986d2/element/6621cdc6-80d9-44ce-910a-67a2482a8fc7/click'
[DEBUG] Using open Channel [id: 0x54800ff1, L:/127.0.0.1:57775 - R:localhost/127.0.0.1:51853] for POST '/session/a79992b79ef969879f7aa6a2a8b986d2/element/6621cdc6-80d9-44ce-910a-67a2482a8fc7/click'
[DEBUG] Entry count for : http://localhost:57776 : 1
[DEBUG] Entry count for : http://localhost:57776 : 1
[DEBUG] 

Request DefaultHttpRequest(decodeResult: success, version: HTTP/1.1)
POST /session/a79992b79ef969879f7aa6a2a8b986d2/element/6621cdc6-80d9-44ce-910a-67a2482a8fc7/click HTTP/1.1
User-Agent: selenium/4.2.1 (java windows)
Content-Length: 50
Content-Type: application/json; charset=utf-8
host: localhost:51853
accept: */*

Response DefaultHttpResponse(decodeResult: success, version: HTTP/1.1)
HTTP/1.1 200 OK
Content-Type: application/json; charset=utf-8
cache-control: no-cache
content-length: 14

[DEBUG] Adding key: http://localhost:51853 for channel [id: 0x54800ff1, L:/127.0.0.1:57775 - R:localhost/127.0.0.1:51853]
[INFO ] 2022-08-16 10:18:47.242 [TestNG-test=Surefire test-1] StepDef - user clicked on logout link.
[DEBUG] Using pooled Channel '[id: 0x54800ff1, L:/127.0.0.1:57775 - R:localhost/127.0.0.1:51853]' for 'GET' to 'http://localhost:51853/session/a79992b79ef969879f7aa6a2a8b986d2/title'
[DEBUG] Using open Channel [id: 0x54800ff1, L:/127.0.0.1:57775 - R:localhost/127.0.0.1:51853] for GET '/session/a79992b79ef969879f7aa6a2a8b986d2/title'
[DEBUG] 

Request DefaultFullHttpRequest(decodeResult: success, version: HTTP/1.1, content: EmptyByteBufBE)
GET /session/a79992b79ef969879f7aa6a2a8b986d2/title HTTP/1.1
User-Agent: selenium/4.2.1 (java windows)
Cache-Control: no-cache
Content-Type: application/json; charset=utf-8
host: localhost:51853
accept: */*

Response DefaultHttpResponse(decodeResult: success, version: HTTP/1.1)
HTTP/1.1 200 OK
Content-Type: application/json; charset=utf-8
cache-control: no-cache
content-length: 29

[DEBUG] Adding key: http://localhost:51853 for channel [id: 0x54800ff1, L:/127.0.0.1:57775 - R:localhost/127.0.0.1:51853]
[WARN ] 2022-08-16 10:18:47.250 [TestNG-test=Surefire test-1] StepDef - Test passed: Login feature :Page title matched.
[DEBUG] Using pooled Channel '[id: 0x54800ff1, L:/127.0.0.1:57775 - R:localhost/127.0.0.1:51853]' for 'DELETE' to 'http://localhost:51853/session/a79992b79ef969879f7aa6a2a8b986d2/window'
[DEBUG] Using open Channel [id: 0x54800ff1, L:/127.0.0.1:57775 - R:localhost/127.0.0.1:51853] for DELETE '/session/a79992b79ef969879f7aa6a2a8b986d2/window'
[DEBUG] Unexpected I/O exception on channel [id: 0x9364770e, L:/127.0.0.1:57781 - R:localhost/127.0.0.1:57776]
java.io.IOException: An existing connection was forcibly closed by the remote host
	at sun.nio.ch.SocketDispatcher.read0(Native Method) ~[na:1.8.0_341]
	at sun.nio.ch.SocketDispatcher.read(Unknown Source) ~[na:1.8.0_341]
	at sun.nio.ch.IOUtil.readIntoNativeBuffer(Unknown Source) ~[na:1.8.0_341]
	at sun.nio.ch.IOUtil.read(Unknown Source) ~[na:1.8.0_341]
	at sun.nio.ch.SocketChannelImpl.read(Unknown Source) ~[na:1.8.0_341]
	at io.netty.buffer.PooledByteBuf.setBytes(PooledByteBuf.java:258) ~[netty-buffer-4.1.77.Final.jar:4.1.77.Final]
	at io.netty.buffer.AbstractByteBuf.writeBytes(AbstractByteBuf.java:1132) ~[netty-buffer-4.1.77.Final.jar:4.1.77.Final]
	at io.netty.channel.socket.nio.NioSocketChannel.doReadBytes(NioSocketChannel.java:357) ~[netty-transport-4.1.77.Final.jar:4.1.77.Final]
	at io.netty.channel.nio.AbstractNioByteChannel$NioByteUnsafe.read(AbstractNioByteChannel.java:151) ~[netty-transport-4.1.77.Final.jar:4.1.77.Final]
	at io.netty.channel.nio.NioEventLoop.processSelectedKey(NioEventLoop.java:722) [netty-transport-4.1.77.Final.jar:4.1.77.Final]
	at io.netty.channel.nio.NioEventLoop.processSelectedKeysOptimized(NioEventLoop.java:658) [netty-transport-4.1.77.Final.jar:4.1.77.Final]
	at io.netty.channel.nio.NioEventLoop.processSelectedKeys(NioEventLoop.java:584) [netty-transport-4.1.77.Final.jar:4.1.77.Final]
	at io.netty.channel.nio.NioEventLoop.run(NioEventLoop.java:496) [netty-transport-4.1.77.Final.jar:4.1.77.Final]
	at io.netty.util.concurrent.SingleThreadEventExecutor$4.run(SingleThreadEventExecutor.java:995) [netty-common-4.1.77.Final.jar:4.1.77.Final]
	at io.netty.util.internal.ThreadExecutorMap$2.run(ThreadExecutorMap.java:74) [netty-common-4.1.77.Final.jar:4.1.77.Final]
	at io.netty.util.concurrent.FastThreadLocalRunnable.run(FastThreadLocalRunnable.java:30) [netty-common-4.1.77.Final.jar:4.1.77.Final]
	at java.lang.Thread.run(Unknown Source) [na:1.8.0_341]
[DEBUG] Unexpected I/O exception on channel [id: 0xce578d0f, L:/127.0.0.1:57782 - R:localhost/127.0.0.1:57776]
java.io.IOException: An existing connection was forcibly closed by the remote host
	at sun.nio.ch.SocketDispatcher.read0(Native Method) ~[na:1.8.0_341]
	at sun.nio.ch.SocketDispatcher.read(Unknown Source) ~[na:1.8.0_341]
	at sun.nio.ch.IOUtil.readIntoNativeBuffer(Unknown Source) ~[na:1.8.0_341]
	at sun.nio.ch.IOUtil.read(Unknown Source) ~[na:1.8.0_341]
	at sun.nio.ch.SocketChannelImpl.read(Unknown Source) ~[na:1.8.0_341]
	at io.netty.buffer.PooledByteBuf.setBytes(PooledByteBuf.java:258) ~[netty-buffer-4.1.77.Final.jar:4.1.77.Final]
	at io.netty.buffer.AbstractByteBuf.writeBytes(AbstractByteBuf.java:1132) ~[netty-buffer-4.1.77.Final.jar:4.1.77.Final]
	at io.netty.channel.socket.nio.NioSocketChannel.doReadBytes(NioSocketChannel.java:357) ~[netty-transport-4.1.77.Final.jar:4.1.77.Final]
	at io.netty.channel.nio.AbstractNioByteChannel$NioByteUnsafe.read(AbstractNioByteChannel.java:151) ~[netty-transport-4.1.77.Final.jar:4.1.77.Final]
	at io.netty.channel.nio.NioEventLoop.processSelectedKey(NioEventLoop.java:722) [netty-transport-4.1.77.Final.jar:4.1.77.Final]
	at io.netty.channel.nio.NioEventLoop.processSelectedKeysOptimized(NioEventLoop.java:658) [netty-transport-4.1.77.Final.jar:4.1.77.Final]
	at io.netty.channel.nio.NioEventLoop.processSelectedKeys(NioEventLoop.java:584) [netty-transport-4.1.77.Final.jar:4.1.77.Final]
	at io.netty.channel.nio.NioEventLoop.run(NioEventLoop.java:496) [netty-transport-4.1.77.Final.jar:4.1.77.Final]
	at io.netty.util.concurrent.SingleThreadEventExecutor$4.run(SingleThreadEventExecutor.java:995) [netty-common-4.1.77.Final.jar:4.1.77.Final]
	at io.netty.util.internal.ThreadExecutorMap$2.run(ThreadExecutorMap.java:74) [netty-common-4.1.77.Final.jar:4.1.77.Final]
	at io.netty.util.concurrent.FastThreadLocalRunnable.run(FastThreadLocalRunnable.java:30) [netty-common-4.1.77.Final.jar:4.1.77.Final]
	at java.lang.Thread.run(Unknown Source) [na:1.8.0_341]
[DEBUG] Trying to recover from dead Channel: [id: 0xce578d0f, L:/127.0.0.1:57782 - R:localhost/127.0.0.1:57776]
[DEBUG] Channel Closed: [id: 0xce578d0f, L:/127.0.0.1:57782 ! R:localhost/127.0.0.1:57776] with attribute NettyResponseFuture{currentRetry=0,
	isDone=1,
	isCancelled=0,
	asyncHandler=org.asynchttpclient.ws.WebSocketUpgradeHandler@4319e0,
	nettyRequest=org.asynchttpclient.netty.request.NettyRequest@13a8fdb,
	future=java.util.concurrent.CompletableFuture@9c25ea[Completed normally],
	uri=ws://localhost:57776/devtools/browser/767bb2f6-a56c-40ec-87f7-59d703db4beb,
	keepAlive=true,
	redirectCount=0,
	timeoutsHolder=null,
	inAuth=0,
	touch=1660625327351}
[DEBUG] Closing Channel [id: 0xce578d0f, L:/127.0.0.1:57782 ! R:localhost/127.0.0.1:57776] 
[DEBUG] Closing Channel [id: 0x9364770e, L:/127.0.0.1:57781 - R:localhost/127.0.0.1:57776] 
[DEBUG] Channel Closed: [id: 0x9364770e, L:/127.0.0.1:57781 ! R:localhost/127.0.0.1:57776] with attribute DISCARD
[DEBUG] 

Request DefaultFullHttpRequest(decodeResult: success, version: HTTP/1.1, content: EmptyByteBufBE)
DELETE /session/a79992b79ef969879f7aa6a2a8b986d2/window HTTP/1.1
User-Agent: selenium/4.2.1 (java windows)
Content-Type: application/json; charset=utf-8
host: localhost:51853
accept: */*

Response DefaultHttpResponse(decodeResult: success, version: HTTP/1.1)
HTTP/1.1 200 OK
Content-Type: application/json; charset=utf-8
cache-control: no-cache
content-length: 12

[DEBUG] Adding key: http://localhost:51853 for channel [id: 0x54800ff1, L:/127.0.0.1:57775 - R:localhost/127.0.0.1:51853]
[INFO ] 2022-08-16 10:18:47.377 [TestNG-test=Surefire test-1] StepDef - Browser closed
Tear Down method executed..
[DEBUG] Using pooled Channel '[id: 0x54800ff1, L:/127.0.0.1:57775 - R:localhost/127.0.0.1:51853]' for 'DELETE' to 'http://localhost:51853/session/a79992b79ef969879f7aa6a2a8b986d2'
[DEBUG] Using open Channel [id: 0x54800ff1, L:/127.0.0.1:57775 - R:localhost/127.0.0.1:51853] for DELETE '/session/a79992b79ef969879f7aa6a2a8b986d2'
[DEBUG] 

Request DefaultFullHttpRequest(decodeResult: success, version: HTTP/1.1, content: EmptyByteBufBE)
DELETE /session/a79992b79ef969879f7aa6a2a8b986d2 HTTP/1.1
User-Agent: selenium/4.2.1 (java windows)
Content-Type: application/json; charset=utf-8
host: localhost:51853
accept: */*

Response DefaultHttpResponse(decodeResult: success, version: HTTP/1.1)
HTTP/1.1 200 OK
Content-Type: application/json; charset=utf-8
cache-control: no-cache
content-length: 14

[DEBUG] Adding key: http://localhost:51853 for channel [id: 0x54800ff1, L:/127.0.0.1:57775 - R:localhost/127.0.0.1:51853]
[DEBUG] Channel Closed: [id: 0x54800ff1, L:/127.0.0.1:57775 ! R:localhost/127.0.0.1:51853] with attribute DISCARD
]]></system-out>
    <system-err><![CDATA[Starting ChromeDriver 104.0.5112.79 (3cf3e8c8a07d104b9e1260c910efb8f383285dc5-refs/branch-heads/5112@{#1307}) on port 51853
Only local connections are allowed.
Please see https://chromedriver.chromium.org/security-considerations for suggestions on keeping ChromeDriver safe.
ChromeDriver was started successfully.
Aug 16, 2022 10:18:36 AM org.openqa.selenium.remote.ProtocolHandshake createSession
INFO: Detected upstream dialect: W3C
Aug 16, 2022 10:18:36 AM org.openqa.selenium.devtools.CdpVersionFinder findNearestMatch
WARNING: Unable to find an exact match for CDP version 104, so returning the closest version found: 102
Aug 16, 2022 10:18:36 AM org.openqa.selenium.devtools.CdpVersionFinder findNearestMatch
INFO: Found CDP implementation for version 104 of 102
]]></system-err>
  </testcase>
</testsuite>