<?xml version="1.0" encoding="UTF-8"?>
<!-- Generated by org.testng.reporters.JUnitReportReporter -->
<testsuite hostname="DESKTOP-CEPH6CU" failures="0" tests="8" name="TestRunner.Run" time="160.372" errors="1" timestamp="2022-07-30T11:46:56 IST" skipped="0">
  <testcase classname="TestRunner.Run" name="runScenario" time="26.943"/>
  <system-out/>
  <testcase classname="TestRunner.Run" name="runScenario" time="21.397"/>
  <system-out/>
  <testcase classname="TestRunner.Run" name="runScenario" time="39.015"/>
  <system-out/>
  <testcase classname="TestRunner.Run" name="runScenario" time="14.665"/>
  <system-out/>
  <testcase classname="TestRunner.Run" name="runScenario" time="14.255">
    <error message="begin 1, end 0, length 0" type="java.lang.StringIndexOutOfBoundsException">
      <![CDATA[java.lang.StringIndexOutOfBoundsException: begin 1, end 0, length 0
at java.base/java.lang.String.checkBoundsBeginEnd(String.java:3734)
at java.base/java.lang.String.substring(String.java:1903)
at java.base/java.lang.String.substring(String.java:1876)
at PageObject.Dashboard.Totalincompleteordervalue(Dashboard.java:135)
at StepDefinition.StepDef.user_click_on_the_expand_button_and_all_total_will_be_added(StepDef.java:427)
at ✽.User click on the expand button and all total will be added(file:///C:/Users/suman/eclipse-workspace/SBDD_cucumber/./Features/Dashboard.feature:25)
]]>
    </error>
  </testcase> <!-- runScenario -->
  <system-out/>
  <testcase classname="TestRunner.Run" name="runScenario" time="14.880"/>
  <system-out/>
  <testcase classname="TestRunner.Run" name="runScenario" time="14.271"/>
  <system-out/>
  <testcase classname="TestRunner.Run" name="runScenario" time="14.946"/>
  <system-out/>
</testsuite> <!-- TestRunner.Run -->
